{"C:\\Users\\timan\\Desktop\\310-project\\src\\Util.js":{"path":"C:\\Users\\timan\\Desktop\\310-project\\src\\Util.js","statementMap":{"0":{"start":{"line":2,"column":11},"end":{"line":21,"column":3}},"1":{"start":{"line":5,"column":4},"end":{"line":7,"column":6}},"2":{"start":{"line":6,"column":8},"end":{"line":6,"column":71}},"3":{"start":{"line":8,"column":4},"end":{"line":10,"column":6}},"4":{"start":{"line":9,"column":8},"end":{"line":9,"column":71}},"5":{"start":{"line":11,"column":4},"end":{"line":13,"column":6}},"6":{"start":{"line":12,"column":8},"end":{"line":12,"column":73}},"7":{"start":{"line":14,"column":4},"end":{"line":16,"column":6}},"8":{"start":{"line":15,"column":8},"end":{"line":15,"column":73}},"9":{"start":{"line":17,"column":4},"end":{"line":19,"column":6}},"10":{"start":{"line":18,"column":8},"end":{"line":18,"column":71}},"11":{"start":{"line":20,"column":4},"end":{"line":20,"column":15}},"12":{"start":{"line":22,"column":0},"end":{"line":22,"column":62}},"13":{"start":{"line":23,"column":0},"end":{"line":23,"column":22}}},"fnMap":{"0":{"name":"(anonymous_0)","decl":{"start":{"line":2,"column":11},"end":{"line":2,"column":12}},"loc":{"start":{"line":2,"column":23},"end":{"line":21,"column":1}}},"1":{"name":"Log","decl":{"start":{"line":3,"column":13},"end":{"line":3,"column":16}},"loc":{"start":{"line":3,"column":19},"end":{"line":4,"column":5}}},"2":{"name":"(anonymous_2)","decl":{"start":{"line":5,"column":16},"end":{"line":5,"column":17}},"loc":{"start":{"line":5,"column":31},"end":{"line":7,"column":5}}},"3":{"name":"(anonymous_3)","decl":{"start":{"line":8,"column":15},"end":{"line":8,"column":16}},"loc":{"start":{"line":8,"column":30},"end":{"line":10,"column":5}}},"4":{"name":"(anonymous_4)","decl":{"start":{"line":11,"column":15},"end":{"line":11,"column":16}},"loc":{"start":{"line":11,"column":30},"end":{"line":13,"column":5}}},"5":{"name":"(anonymous_5)","decl":{"start":{"line":14,"column":16},"end":{"line":14,"column":17}},"loc":{"start":{"line":14,"column":31},"end":{"line":16,"column":5}}},"6":{"name":"(anonymous_6)","decl":{"start":{"line":17,"column":15},"end":{"line":17,"column":16}},"loc":{"start":{"line":17,"column":30},"end":{"line":19,"column":5}}}},"branchMap":{},"s":{"0":1,"1":1,"2":2,"3":1,"4":0,"5":1,"6":0,"7":1,"8":0,"9":1,"10":4,"11":1,"12":1,"13":1},"f":{"0":1,"1":0,"2":2,"3":0,"4":0,"5":0,"6":4},"b":{},"_coverageSchema":"332fd63041d2c1bcb487cc26dd0d5f7d97098a6c","hash":"19731596e5a080a544905d38b49982dcde95444a","contentHash":"b302296f6165d5ebd5a0b9358c4d81fb_10.1.2"},"C:\\Users\\timan\\Desktop\\310-project\\src\\controller\\InsightFacade.js":{"path":"C:\\Users\\timan\\Desktop\\310-project\\src\\controller\\InsightFacade.js","statementMap":{"0":{"start":{"line":2,"column":13},"end":{"line":2,"column":31}},"1":{"start":{"line":3,"column":15},"end":{"line":3,"column":34}},"2":{"start":{"line":4,"column":16},"end":{"line":4,"column":36}},"3":{"start":{"line":5,"column":13},"end":{"line":5,"column":28}},"4":{"start":{"line":6,"column":16},"end":{"line":6,"column":36}},"5":{"start":{"line":7,"column":14},"end":{"line":7,"column":32}},"6":{"start":{"line":8,"column":16},"end":{"line":8,"column":36}},"7":{"start":{"line":9,"column":15},"end":{"line":9,"column":34}},"8":{"start":{"line":10,"column":21},"end":{"line":210,"column":3}},"9":{"start":{"line":12,"column":8},"end":{"line":12,"column":58}},"10":{"start":{"line":13,"column":8},"end":{"line":13,"column":40}},"11":{"start":{"line":15,"column":4},"end":{"line":98,"column":6}},"12":{"start":{"line":16,"column":16},"end":{"line":16,"column":38}},"13":{"start":{"line":17,"column":16},"end":{"line":17,"column":39}},"14":{"start":{"line":18,"column":16},"end":{"line":18,"column":39}},"15":{"start":{"line":19,"column":16},"end":{"line":19,"column":37}},"16":{"start":{"line":20,"column":23},"end":{"line":23,"column":9}},"17":{"start":{"line":24,"column":16},"end":{"line":24,"column":21}},"18":{"start":{"line":25,"column":25},"end":{"line":28,"column":9}},"19":{"start":{"line":30,"column":12},"end":{"line":32,"column":13}},"20":{"start":{"line":31,"column":16},"end":{"line":31,"column":39}},"21":{"start":{"line":33,"column":12},"end":{"line":42,"column":13}},"22":{"start":{"line":34,"column":16},"end":{"line":34,"column":46}},"23":{"start":{"line":37,"column":16},"end":{"line":41,"column":17}},"24":{"start":{"line":38,"column":20},"end":{"line":40,"column":21}},"25":{"start":{"line":39,"column":24},"end":{"line":39,"column":33}},"26":{"start":{"line":43,"column":12},"end":{"line":53,"column":13}},"27":{"start":{"line":44,"column":16},"end":{"line":44,"column":36}},"28":{"start":{"line":45,"column":16},"end":{"line":45,"column":143}},"29":{"start":{"line":48,"column":16},"end":{"line":48,"column":36}},"30":{"start":{"line":49,"column":16},"end":{"line":49,"column":136}},"31":{"start":{"line":50,"column":16},"end":{"line":50,"column":38}},"32":{"start":{"line":51,"column":16},"end":{"line":51,"column":42}},"33":{"start":{"line":52,"column":16},"end":{"line":52,"column":58}},"34":{"start":{"line":55,"column":8},"end":{"line":97,"column":11}},"35":{"start":{"line":56,"column":12},"end":{"line":84,"column":13}},"36":{"start":{"line":57,"column":16},"end":{"line":67,"column":19}},"37":{"start":{"line":58,"column":20},"end":{"line":58,"column":37}},"38":{"start":{"line":59,"column":20},"end":{"line":59,"column":57}},"39":{"start":{"line":60,"column":20},"end":{"line":60,"column":38}},"40":{"start":{"line":61,"column":20},"end":{"line":61,"column":27}},"41":{"start":{"line":63,"column":20},"end":{"line":63,"column":40}},"42":{"start":{"line":64,"column":20},"end":{"line":64,"column":53}},"43":{"start":{"line":65,"column":20},"end":{"line":65,"column":37}},"44":{"start":{"line":66,"column":20},"end":{"line":66,"column":27}},"45":{"start":{"line":69,"column":17},"end":{"line":84,"column":13}},"46":{"start":{"line":70,"column":16},"end":{"line":77,"column":19}},"47":{"start":{"line":71,"column":20},"end":{"line":71,"column":41}},"48":{"start":{"line":73,"column":20},"end":{"line":73,"column":40}},"49":{"start":{"line":74,"column":20},"end":{"line":74,"column":53}},"50":{"start":{"line":75,"column":20},"end":{"line":75,"column":37}},"51":{"start":{"line":76,"column":20},"end":{"line":76,"column":27}},"52":{"start":{"line":80,"column":16},"end":{"line":80,"column":36}},"53":{"start":{"line":81,"column":16},"end":{"line":81,"column":59}},"54":{"start":{"line":82,"column":16},"end":{"line":82,"column":33}},"55":{"start":{"line":83,"column":16},"end":{"line":83,"column":23}},"56":{"start":{"line":86,"column":16},"end":{"line":95,"column":19}},"57":{"start":{"line":87,"column":20},"end":{"line":87,"column":36}},"58":{"start":{"line":88,"column":20},"end":{"line":88,"column":57}},"59":{"start":{"line":89,"column":20},"end":{"line":89,"column":38}},"60":{"start":{"line":91,"column":20},"end":{"line":91,"column":40}},"61":{"start":{"line":92,"column":20},"end":{"line":92,"column":53}},"62":{"start":{"line":93,"column":20},"end":{"line":93,"column":37}},"63":{"start":{"line":94,"column":20},"end":{"line":94,"column":27}},"64":{"start":{"line":99,"column":4},"end":{"line":138,"column":6}},"65":{"start":{"line":100,"column":16},"end":{"line":100,"column":38}},"66":{"start":{"line":101,"column":23},"end":{"line":104,"column":9}},"67":{"start":{"line":106,"column":18},"end":{"line":106,"column":23}},"68":{"start":{"line":108,"column":8},"end":{"line":137,"column":11}},"69":{"start":{"line":109,"column":12},"end":{"line":114,"column":13}},"70":{"start":{"line":110,"column":16},"end":{"line":110,"column":36}},"71":{"start":{"line":111,"column":16},"end":{"line":111,"column":134}},"72":{"start":{"line":112,"column":16},"end":{"line":112,"column":33}},"73":{"start":{"line":113,"column":16},"end":{"line":113,"column":23}},"74":{"start":{"line":115,"column":23},"end":{"line":115,"column":47}},"75":{"start":{"line":116,"column":12},"end":{"line":121,"column":13}},"76":{"start":{"line":117,"column":16},"end":{"line":120,"column":17}},"77":{"start":{"line":118,"column":20},"end":{"line":118,"column":26}},"78":{"start":{"line":119,"column":20},"end":{"line":119,"column":31}},"79":{"start":{"line":122,"column":12},"end":{"line":136,"column":13}},"80":{"start":{"line":123,"column":16},"end":{"line":123,"column":34}},"81":{"start":{"line":124,"column":16},"end":{"line":124,"column":33}},"82":{"start":{"line":125,"column":16},"end":{"line":125,"column":48}},"83":{"start":{"line":126,"column":16},"end":{"line":126,"column":36}},"84":{"start":{"line":127,"column":16},"end":{"line":127,"column":63}},"85":{"start":{"line":128,"column":16},"end":{"line":128,"column":34}},"86":{"start":{"line":129,"column":16},"end":{"line":129,"column":23}},"87":{"start":{"line":132,"column":16},"end":{"line":132,"column":36}},"88":{"start":{"line":133,"column":16},"end":{"line":133,"column":134}},"89":{"start":{"line":134,"column":16},"end":{"line":134,"column":33}},"90":{"start":{"line":135,"column":16},"end":{"line":135,"column":23}},"91":{"start":{"line":139,"column":4},"end":{"line":208,"column":6}},"92":{"start":{"line":140,"column":8},"end":{"line":140,"column":39}},"93":{"start":{"line":141,"column":23},"end":{"line":144,"column":9}},"94":{"start":{"line":145,"column":16},"end":{"line":145,"column":39}},"95":{"start":{"line":146,"column":18},"end":{"line":146,"column":23}},"96":{"start":{"line":147,"column":8},"end":{"line":207,"column":11}},"97":{"start":{"line":148,"column":12},"end":{"line":155,"column":13}},"98":{"start":{"line":151,"column":16},"end":{"line":151,"column":36}},"99":{"start":{"line":152,"column":16},"end":{"line":152,"column":83}},"100":{"start":{"line":153,"column":16},"end":{"line":153,"column":33}},"101":{"start":{"line":154,"column":16},"end":{"line":154,"column":23}},"102":{"start":{"line":156,"column":12},"end":{"line":164,"column":13}},"103":{"start":{"line":157,"column":16},"end":{"line":157,"column":36}},"104":{"start":{"line":160,"column":16},"end":{"line":160,"column":36}},"105":{"start":{"line":161,"column":16},"end":{"line":161,"column":50}},"106":{"start":{"line":162,"column":16},"end":{"line":162,"column":33}},"107":{"start":{"line":163,"column":16},"end":{"line":163,"column":23}},"108":{"start":{"line":165,"column":12},"end":{"line":182,"column":13}},"109":{"start":{"line":166,"column":16},"end":{"line":181,"column":17}},"110":{"start":{"line":167,"column":28},"end":{"line":167,"column":34}},"111":{"start":{"line":168,"column":20},"end":{"line":180,"column":21}},"112":{"start":{"line":169,"column":24},"end":{"line":169,"column":35}},"113":{"start":{"line":170,"column":24},"end":{"line":179,"column":25}},"114":{"start":{"line":171,"column":28},"end":{"line":171,"column":48}},"115":{"start":{"line":172,"column":28},"end":{"line":172,"column":81}},"116":{"start":{"line":173,"column":28},"end":{"line":173,"column":46}},"117":{"start":{"line":176,"column":28},"end":{"line":176,"column":48}},"118":{"start":{"line":177,"column":28},"end":{"line":177,"column":62}},"119":{"start":{"line":178,"column":28},"end":{"line":178,"column":45}},"120":{"start":{"line":183,"column":12},"end":{"line":200,"column":13}},"121":{"start":{"line":184,"column":16},"end":{"line":199,"column":17}},"122":{"start":{"line":185,"column":28},"end":{"line":185,"column":34}},"123":{"start":{"line":186,"column":20},"end":{"line":198,"column":21}},"124":{"start":{"line":187,"column":24},"end":{"line":187,"column":35}},"125":{"start":{"line":188,"column":24},"end":{"line":197,"column":25}},"126":{"start":{"line":189,"column":28},"end":{"line":189,"column":48}},"127":{"start":{"line":190,"column":28},"end":{"line":190,"column":81}},"128":{"start":{"line":191,"column":28},"end":{"line":191,"column":46}},"129":{"start":{"line":194,"column":28},"end":{"line":194,"column":48}},"130":{"start":{"line":195,"column":28},"end":{"line":195,"column":62}},"131":{"start":{"line":196,"column":28},"end":{"line":196,"column":45}},"132":{"start":{"line":201,"column":12},"end":{"line":206,"column":13}},"133":{"start":{"line":202,"column":16},"end":{"line":202,"column":36}},"134":{"start":{"line":203,"column":16},"end":{"line":203,"column":83}},"135":{"start":{"line":204,"column":16},"end":{"line":204,"column":33}},"136":{"start":{"line":205,"column":16},"end":{"line":205,"column":23}},"137":{"start":{"line":209,"column":4},"end":{"line":209,"column":25}},"138":{"start":{"line":211,"column":0},"end":{"line":211,"column":62}},"139":{"start":{"line":212,"column":0},"end":{"line":212,"column":32}}},"fnMap":{"0":{"name":"(anonymous_0)","decl":{"start":{"line":10,"column":21},"end":{"line":10,"column":22}},"loc":{"start":{"line":10,"column":33},"end":{"line":210,"column":1}}},"1":{"name":"InsightFacade","decl":{"start":{"line":11,"column":13},"end":{"line":11,"column":26}},"loc":{"start":{"line":11,"column":29},"end":{"line":14,"column":5}}},"2":{"name":"(anonymous_2)","decl":{"start":{"line":15,"column":41},"end":{"line":15,"column":42}},"loc":{"start":{"line":15,"column":64},"end":{"line":98,"column":5}}},"3":{"name":"checkir","decl":{"start":{"line":29,"column":17},"end":{"line":29,"column":24}},"loc":{"start":{"line":29,"column":31},"end":{"line":54,"column":9}}},"4":{"name":"(anonymous_4)","decl":{"start":{"line":55,"column":27},"end":{"line":55,"column":28}},"loc":{"start":{"line":55,"column":54},"end":{"line":97,"column":9}}},"5":{"name":"(anonymous_5)","decl":{"start":{"line":57,"column":42},"end":{"line":57,"column":43}},"loc":{"start":{"line":57,"column":61},"end":{"line":62,"column":17}}},"6":{"name":"(anonymous_6)","decl":{"start":{"line":62,"column":25},"end":{"line":62,"column":26}},"loc":{"start":{"line":62,"column":40},"end":{"line":67,"column":17}}},"7":{"name":"(anonymous_7)","decl":{"start":{"line":70,"column":42},"end":{"line":70,"column":43}},"loc":{"start":{"line":70,"column":61},"end":{"line":72,"column":17}}},"8":{"name":"(anonymous_8)","decl":{"start":{"line":72,"column":25},"end":{"line":72,"column":26}},"loc":{"start":{"line":72,"column":40},"end":{"line":77,"column":17}}},"9":{"name":"onceitsdone","decl":{"start":{"line":85,"column":21},"end":{"line":85,"column":32}},"loc":{"start":{"line":85,"column":41},"end":{"line":96,"column":13}}},"10":{"name":"(anonymous_10)","decl":{"start":{"line":86,"column":42},"end":{"line":86,"column":43}},"loc":{"start":{"line":86,"column":60},"end":{"line":90,"column":17}}},"11":{"name":"(anonymous_11)","decl":{"start":{"line":90,"column":25},"end":{"line":90,"column":26}},"loc":{"start":{"line":90,"column":40},"end":{"line":95,"column":17}}},"12":{"name":"(anonymous_12)","decl":{"start":{"line":99,"column":44},"end":{"line":99,"column":45}},"loc":{"start":{"line":99,"column":58},"end":{"line":138,"column":5}}},"13":{"name":"(anonymous_13)","decl":{"start":{"line":108,"column":27},"end":{"line":108,"column":28}},"loc":{"start":{"line":108,"column":54},"end":{"line":137,"column":9}}},"14":{"name":"(anonymous_14)","decl":{"start":{"line":139,"column":43},"end":{"line":139,"column":44}},"loc":{"start":{"line":139,"column":60},"end":{"line":208,"column":5}}},"15":{"name":"(anonymous_15)","decl":{"start":{"line":147,"column":27},"end":{"line":147,"column":28}},"loc":{"start":{"line":147,"column":54},"end":{"line":207,"column":9}}}},"branchMap":{"0":{"loc":{"start":{"line":30,"column":12},"end":{"line":32,"column":13}},"type":"if","locations":[{"start":{"line":30,"column":12},"end":{"line":32,"column":13}},{"start":{"line":30,"column":12},"end":{"line":32,"column":13}}]},"1":{"loc":{"start":{"line":30,"column":16},"end":{"line":30,"column":98}},"type":"binary-expr","locations":[{"start":{"line":30,"column":16},"end":{"line":30,"column":46}},{"start":{"line":30,"column":51},"end":{"line":30,"column":76}},{"start":{"line":30,"column":81},"end":{"line":30,"column":98}}]},"2":{"loc":{"start":{"line":33,"column":12},"end":{"line":42,"column":13}},"type":"if","locations":[{"start":{"line":33,"column":12},"end":{"line":42,"column":13}},{"start":{"line":33,"column":12},"end":{"line":42,"column":13}}]},"3":{"loc":{"start":{"line":38,"column":20},"end":{"line":40,"column":21}},"type":"if","locations":[{"start":{"line":38,"column":20},"end":{"line":40,"column":21}},{"start":{"line":38,"column":20},"end":{"line":40,"column":21}}]},"4":{"loc":{"start":{"line":43,"column":12},"end":{"line":53,"column":13}},"type":"if","locations":[{"start":{"line":43,"column":12},"end":{"line":53,"column":13}},{"start":{"line":43,"column":12},"end":{"line":53,"column":13}}]},"5":{"loc":{"start":{"line":56,"column":12},"end":{"line":84,"column":13}},"type":"if","locations":[{"start":{"line":56,"column":12},"end":{"line":84,"column":13}},{"start":{"line":56,"column":12},"end":{"line":84,"column":13}}]},"6":{"loc":{"start":{"line":69,"column":17},"end":{"line":84,"column":13}},"type":"if","locations":[{"start":{"line":69,"column":17},"end":{"line":84,"column":13}},{"start":{"line":69,"column":17},"end":{"line":84,"column":13}}]},"7":{"loc":{"start":{"line":109,"column":12},"end":{"line":114,"column":13}},"type":"if","locations":[{"start":{"line":109,"column":12},"end":{"line":114,"column":13}},{"start":{"line":109,"column":12},"end":{"line":114,"column":13}}]},"8":{"loc":{"start":{"line":117,"column":16},"end":{"line":120,"column":17}},"type":"if","locations":[{"start":{"line":117,"column":16},"end":{"line":120,"column":17}},{"start":{"line":117,"column":16},"end":{"line":120,"column":17}}]},"9":{"loc":{"start":{"line":122,"column":12},"end":{"line":136,"column":13}},"type":"if","locations":[{"start":{"line":122,"column":12},"end":{"line":136,"column":13}},{"start":{"line":122,"column":12},"end":{"line":136,"column":13}}]},"10":{"loc":{"start":{"line":148,"column":12},"end":{"line":155,"column":13}},"type":"if","locations":[{"start":{"line":148,"column":12},"end":{"line":155,"column":13}},{"start":{"line":148,"column":12},"end":{"line":155,"column":13}}]},"11":{"loc":{"start":{"line":148,"column":16},"end":{"line":150,"column":48}},"type":"binary-expr","locations":[{"start":{"line":148,"column":17},"end":{"line":148,"column":50}},{"start":{"line":149,"column":20},"end":{"line":149,"column":57}},{"start":{"line":150,"column":20},"end":{"line":150,"column":47}}]},"12":{"loc":{"start":{"line":165,"column":12},"end":{"line":182,"column":13}},"type":"if","locations":[{"start":{"line":165,"column":12},"end":{"line":182,"column":13}},{"start":{"line":165,"column":12},"end":{"line":182,"column":13}}]},"13":{"loc":{"start":{"line":168,"column":20},"end":{"line":180,"column":21}},"type":"if","locations":[{"start":{"line":168,"column":20},"end":{"line":180,"column":21}},{"start":{"line":168,"column":20},"end":{"line":180,"column":21}}]},"14":{"loc":{"start":{"line":183,"column":12},"end":{"line":200,"column":13}},"type":"if","locations":[{"start":{"line":183,"column":12},"end":{"line":200,"column":13}},{"start":{"line":183,"column":12},"end":{"line":200,"column":13}}]},"15":{"loc":{"start":{"line":186,"column":20},"end":{"line":198,"column":21}},"type":"if","locations":[{"start":{"line":186,"column":20},"end":{"line":198,"column":21}},{"start":{"line":186,"column":20},"end":{"line":198,"column":21}}]},"16":{"loc":{"start":{"line":201,"column":12},"end":{"line":206,"column":13}},"type":"if","locations":[{"start":{"line":201,"column":12},"end":{"line":206,"column":13}},{"start":{"line":201,"column":12},"end":{"line":206,"column":13}}]}},"s":{"0":1,"1":1,"2":1,"3":1,"4":1,"5":1,"6":1,"7":1,"8":1,"9":2,"10":2,"11":1,"12":1,"13":1,"14":1,"15":1,"16":1,"17":1,"18":1,"19":1,"20":0,"21":1,"22":1,"23":0,"24":0,"25":0,"26":1,"27":0,"28":0,"29":1,"30":1,"31":1,"32":1,"33":1,"34":1,"35":1,"36":1,"37":1,"38":1,"39":1,"40":1,"41":0,"42":0,"43":0,"44":0,"45":0,"46":0,"47":0,"48":0,"49":0,"50":0,"51":0,"52":0,"53":0,"54":0,"55":0,"56":0,"57":0,"58":0,"59":0,"60":0,"61":0,"62":0,"63":0,"64":1,"65":2,"66":2,"67":2,"68":2,"69":2,"70":1,"71":1,"72":1,"73":1,"74":1,"75":1,"76":1,"77":1,"78":1,"79":1,"80":1,"81":1,"82":1,"83":1,"84":1,"85":1,"86":1,"87":0,"88":0,"89":0,"90":0,"91":1,"92":0,"93":0,"94":0,"95":0,"96":0,"97":0,"98":0,"99":0,"100":0,"101":0,"102":0,"103":0,"104":0,"105":0,"106":0,"107":0,"108":0,"109":0,"110":0,"111":0,"112":0,"113":0,"114":0,"115":0,"116":0,"117":0,"118":0,"119":0,"120":0,"121":0,"122":0,"123":0,"124":0,"125":0,"126":0,"127":0,"128":0,"129":0,"130":0,"131":0,"132":0,"133":0,"134":0,"135":0,"136":0,"137":1,"138":1,"139":1},"f":{"0":1,"1":2,"2":1,"3":1,"4":1,"5":1,"6":0,"7":0,"8":0,"9":0,"10":0,"11":0,"12":2,"13":2,"14":0,"15":0},"b":{"0":[0,1],"1":[1,1,1],"2":[1,0],"3":[0,0],"4":[0,1],"5":[1,0],"6":[0,0],"7":[1,1],"8":[1,0],"9":[1,0],"10":[0,0],"11":[0,0,0],"12":[0,0],"13":[0,0],"14":[0,0],"15":[0,0],"16":[0,0]},"_coverageSchema":"332fd63041d2c1bcb487cc26dd0d5f7d97098a6c","hash":"a39b8a7e0dce4a3e50075b0c481f3b0a17c179f8","contentHash":"92d26c6ebe77fe363660cb566eace70d_10.1.2"},"C:\\Users\\timan\\Desktop\\310-project\\src\\controller\\Parser.js":{"path":"C:\\Users\\timan\\Desktop\\310-project\\src\\controller\\Parser.js","statementMap":{"0":{"start":{"line":2,"column":14},"end":{"line":25,"column":3}},"1":{"start":{"line":5,"column":4},"end":{"line":7,"column":6}},"2":{"start":{"line":6,"column":8},"end":{"line":6,"column":21}},"3":{"start":{"line":8,"column":4},"end":{"line":10,"column":6}},"4":{"start":{"line":9,"column":8},"end":{"line":9,"column":21}},"5":{"start":{"line":11,"column":4},"end":{"line":13,"column":6}},"6":{"start":{"line":12,"column":8},"end":{"line":12,"column":21}},"7":{"start":{"line":15,"column":4},"end":{"line":23,"column":6}},"8":{"start":{"line":16,"column":17},"end":{"line":16,"column":30}},"9":{"start":{"line":17,"column":19},"end":{"line":17,"column":39}},"10":{"start":{"line":18,"column":8},"end":{"line":22,"column":11}},"11":{"start":{"line":19,"column":12},"end":{"line":21,"column":13}},"12":{"start":{"line":20,"column":16},"end":{"line":20,"column":23}},"13":{"start":{"line":24,"column":4},"end":{"line":24,"column":18}},"14":{"start":{"line":26,"column":0},"end":{"line":26,"column":62}},"15":{"start":{"line":27,"column":0},"end":{"line":27,"column":25}}},"fnMap":{"0":{"name":"(anonymous_0)","decl":{"start":{"line":2,"column":14},"end":{"line":2,"column":15}},"loc":{"start":{"line":2,"column":26},"end":{"line":25,"column":1}}},"1":{"name":"Parser","decl":{"start":{"line":3,"column":13},"end":{"line":3,"column":19}},"loc":{"start":{"line":3,"column":22},"end":{"line":4,"column":5}}},"2":{"name":"(anonymous_2)","decl":{"start":{"line":5,"column":29},"end":{"line":5,"column":30}},"loc":{"start":{"line":5,"column":52},"end":{"line":7,"column":5}}},"3":{"name":"(anonymous_3)","decl":{"start":{"line":8,"column":34},"end":{"line":8,"column":35}},"loc":{"start":{"line":8,"column":56},"end":{"line":10,"column":5}}},"4":{"name":"(anonymous_4)","decl":{"start":{"line":11,"column":39},"end":{"line":11,"column":40}},"loc":{"start":{"line":11,"column":55},"end":{"line":13,"column":5}}},"5":{"name":"(anonymous_5)","decl":{"start":{"line":15,"column":32},"end":{"line":15,"column":33}},"loc":{"start":{"line":15,"column":48},"end":{"line":23,"column":5}}},"6":{"name":"(anonymous_6)","decl":{"start":{"line":18,"column":43},"end":{"line":18,"column":44}},"loc":{"start":{"line":18,"column":58},"end":{"line":22,"column":9}}}},"branchMap":{"0":{"loc":{"start":{"line":19,"column":12},"end":{"line":21,"column":13}},"type":"if","locations":[{"start":{"line":19,"column":12},"end":{"line":21,"column":13}},{"start":{"line":19,"column":12},"end":{"line":21,"column":13}}]}},"s":{"0":1,"1":1,"2":0,"3":1,"4":0,"5":1,"6":0,"7":1,"8":2,"9":2,"10":2,"11":0,"12":0,"13":1,"14":1,"15":1},"f":{"0":1,"1":4,"2":0,"3":0,"4":0,"5":2,"6":0},"b":{"0":[0,0]},"_coverageSchema":"332fd63041d2c1bcb487cc26dd0d5f7d97098a6c","hash":"11b10e6c46029ec54225d1a60d4b1d241f52ec80","contentHash":"fdd191d882aa643385b02ab64c28073d_10.1.2"},"C:\\Users\\timan\\Desktop\\310-project\\src\\controller\\Program.js":{"path":"C:\\Users\\timan\\Desktop\\310-project\\src\\controller\\Program.js","statementMap":{"0":{"start":{"line":2,"column":14},"end":{"line":2,"column":32}},"1":{"start":{"line":3,"column":15},"end":{"line":23,"column":3}},"2":{"start":{"line":6,"column":4},"end":{"line":13,"column":6}},"3":{"start":{"line":7,"column":8},"end":{"line":12,"column":9}},"4":{"start":{"line":8,"column":12},"end":{"line":8,"column":57}},"5":{"start":{"line":11,"column":12},"end":{"line":11,"column":22}},"6":{"start":{"line":14,"column":4},"end":{"line":21,"column":6}},"7":{"start":{"line":15,"column":8},"end":{"line":20,"column":9}},"8":{"start":{"line":16,"column":12},"end":{"line":16,"column":53}},"9":{"start":{"line":19,"column":12},"end":{"line":19,"column":22}},"10":{"start":{"line":22,"column":4},"end":{"line":22,"column":19}},"11":{"start":{"line":24,"column":0},"end":{"line":24,"column":62}},"12":{"start":{"line":25,"column":0},"end":{"line":25,"column":26}}},"fnMap":{"0":{"name":"(anonymous_0)","decl":{"start":{"line":3,"column":15},"end":{"line":3,"column":16}},"loc":{"start":{"line":3,"column":27},"end":{"line":23,"column":1}}},"1":{"name":"Program","decl":{"start":{"line":4,"column":13},"end":{"line":4,"column":20}},"loc":{"start":{"line":4,"column":23},"end":{"line":5,"column":5}}},"2":{"name":"(anonymous_2)","decl":{"start":{"line":6,"column":35},"end":{"line":6,"column":36}},"loc":{"start":{"line":6,"column":57},"end":{"line":13,"column":5}}},"3":{"name":"(anonymous_3)","decl":{"start":{"line":14,"column":36},"end":{"line":14,"column":37}},"loc":{"start":{"line":14,"column":60},"end":{"line":21,"column":5}}}},"branchMap":{},"s":{"0":1,"1":1,"2":1,"3":0,"4":0,"5":0,"6":1,"7":0,"8":0,"9":0,"10":1,"11":1,"12":1},"f":{"0":1,"1":0,"2":0,"3":0},"b":{},"_coverageSchema":"332fd63041d2c1bcb487cc26dd0d5f7d97098a6c","hash":"df32e4ec8c456164b70a07ef8dabe633522ad87d","contentHash":"58cf668fba8bf99eb265f598d702f749_10.1.2"},"C:\\Users\\timan\\Desktop\\310-project\\src\\controller\\Query.js":{"path":"C:\\Users\\timan\\Desktop\\310-project\\src\\controller\\Query.js","statementMap":{"0":{"start":{"line":2,"column":16},"end":{"line":2,"column":36}},"1":{"start":{"line":3,"column":13},"end":{"line":3,"column":30}},"2":{"start":{"line":4,"column":15},"end":{"line":4,"column":34}},"3":{"start":{"line":5,"column":13},"end":{"line":106,"column":3}},"4":{"start":{"line":7,"column":8},"end":{"line":13,"column":9}},"5":{"start":{"line":8,"column":12},"end":{"line":8,"column":69}},"6":{"start":{"line":9,"column":12},"end":{"line":9,"column":78}},"7":{"start":{"line":12,"column":12},"end":{"line":12,"column":22}},"8":{"start":{"line":15,"column":4},"end":{"line":25,"column":6}},"9":{"start":{"line":16,"column":19},"end":{"line":16,"column":42}},"10":{"start":{"line":17,"column":8},"end":{"line":24,"column":9}},"11":{"start":{"line":18,"column":26},"end":{"line":18,"column":33}},"12":{"start":{"line":19,"column":23},"end":{"line":19,"column":42}},"13":{"start":{"line":20,"column":12},"end":{"line":20,"column":35}},"14":{"start":{"line":23,"column":12},"end":{"line":23,"column":33}},"15":{"start":{"line":26,"column":4},"end":{"line":36,"column":6}},"16":{"start":{"line":27,"column":19},"end":{"line":27,"column":42}},"17":{"start":{"line":28,"column":8},"end":{"line":35,"column":9}},"18":{"start":{"line":29,"column":29},"end":{"line":29,"column":36}},"19":{"start":{"line":30,"column":26},"end":{"line":30,"column":48}},"20":{"start":{"line":31,"column":12},"end":{"line":31,"column":27}},"21":{"start":{"line":34,"column":12},"end":{"line":34,"column":37}},"22":{"start":{"line":37,"column":4},"end":{"line":104,"column":6}},"23":{"start":{"line":38,"column":27},"end":{"line":38,"column":50}},"24":{"start":{"line":39,"column":22},"end":{"line":39,"column":38}},"25":{"start":{"line":40,"column":23},"end":{"line":40,"column":55}},"26":{"start":{"line":41,"column":24},"end":{"line":41,"column":57}},"27":{"start":{"line":43,"column":23},"end":{"line":43,"column":25}},"28":{"start":{"line":44,"column":8},"end":{"line":49,"column":9}},"29":{"start":{"line":45,"column":12},"end":{"line":45,"column":21}},"30":{"start":{"line":48,"column":12},"end":{"line":48,"column":22}},"31":{"start":{"line":50,"column":8},"end":{"line":84,"column":9}},"32":{"start":{"line":51,"column":31},"end":{"line":51,"column":38}},"33":{"start":{"line":52,"column":23},"end":{"line":52,"column":38}},"34":{"start":{"line":53,"column":36},"end":{"line":53,"column":38}},"35":{"start":{"line":54,"column":28},"end":{"line":54,"column":34}},"36":{"start":{"line":55,"column":12},"end":{"line":71,"column":13}},"37":{"start":{"line":56,"column":16},"end":{"line":67,"column":18}},"38":{"start":{"line":70,"column":16},"end":{"line":70,"column":41}},"39":{"start":{"line":72,"column":12},"end":{"line":83,"column":13}},"40":{"start":{"line":73,"column":16},"end":{"line":81,"column":17}},"41":{"start":{"line":74,"column":34},"end":{"line":74,"column":45}},"42":{"start":{"line":75,"column":36},"end":{"line":75,"column":57}},"43":{"start":{"line":76,"column":35},"end":{"line":76,"column":47}},"44":{"start":{"line":77,"column":46},"end":{"line":79,"column":26}},"45":{"start":{"line":80,"column":20},"end":{"line":80,"column":93}},"46":{"start":{"line":82,"column":16},"end":{"line":82,"column":49}},"47":{"start":{"line":86,"column":12},"end":{"line":88,"column":13}},"48":{"start":{"line":87,"column":16},"end":{"line":87,"column":25}},"49":{"start":{"line":89,"column":12},"end":{"line":94,"column":13}},"50":{"start":{"line":90,"column":16},"end":{"line":90,"column":26}},"51":{"start":{"line":93,"column":16},"end":{"line":93,"column":25}},"52":{"start":{"line":96,"column":8},"end":{"line":102,"column":9}},"53":{"start":{"line":97,"column":25},"end":{"line":97,"column":48}},"54":{"start":{"line":98,"column":12},"end":{"line":98,"column":26}},"55":{"start":{"line":101,"column":12},"end":{"line":101,"column":28}},"56":{"start":{"line":105,"column":4},"end":{"line":105,"column":17}},"57":{"start":{"line":107,"column":0},"end":{"line":107,"column":62}},"58":{"start":{"line":108,"column":0},"end":{"line":108,"column":24}}},"fnMap":{"0":{"name":"(anonymous_0)","decl":{"start":{"line":5,"column":13},"end":{"line":5,"column":14}},"loc":{"start":{"line":5,"column":25},"end":{"line":106,"column":1}}},"1":{"name":"Query","decl":{"start":{"line":6,"column":13},"end":{"line":6,"column":18}},"loc":{"start":{"line":6,"column":31},"end":{"line":14,"column":5}}},"2":{"name":"(anonymous_2)","decl":{"start":{"line":15,"column":30},"end":{"line":15,"column":31}},"loc":{"start":{"line":15,"column":52},"end":{"line":25,"column":5}}},"3":{"name":"(anonymous_3)","decl":{"start":{"line":26,"column":33},"end":{"line":26,"column":34}},"loc":{"start":{"line":26,"column":55},"end":{"line":36,"column":5}}},"4":{"name":"(anonymous_4)","decl":{"start":{"line":37,"column":31},"end":{"line":37,"column":32}},"loc":{"start":{"line":37,"column":47},"end":{"line":104,"column":5}}},"5":{"name":"helpsort","decl":{"start":{"line":85,"column":17},"end":{"line":85,"column":25}},"loc":{"start":{"line":85,"column":32},"end":{"line":95,"column":9}}}},"branchMap":{"0":{"loc":{"start":{"line":17,"column":8},"end":{"line":24,"column":9}},"type":"if","locations":[{"start":{"line":17,"column":8},"end":{"line":24,"column":9}},{"start":{"line":17,"column":8},"end":{"line":24,"column":9}}]},"1":{"loc":{"start":{"line":28,"column":8},"end":{"line":35,"column":9}},"type":"if","locations":[{"start":{"line":28,"column":8},"end":{"line":35,"column":9}},{"start":{"line":28,"column":8},"end":{"line":35,"column":9}}]},"2":{"loc":{"start":{"line":55,"column":12},"end":{"line":71,"column":13}},"type":"if","locations":[{"start":{"line":55,"column":12},"end":{"line":71,"column":13}},{"start":{"line":55,"column":12},"end":{"line":71,"column":13}}]},"3":{"loc":{"start":{"line":72,"column":12},"end":{"line":83,"column":13}},"type":"if","locations":[{"start":{"line":72,"column":12},"end":{"line":83,"column":13}},{"start":{"line":72,"column":12},"end":{"line":83,"column":13}}]},"4":{"loc":{"start":{"line":86,"column":12},"end":{"line":88,"column":13}},"type":"if","locations":[{"start":{"line":86,"column":12},"end":{"line":88,"column":13}},{"start":{"line":86,"column":12},"end":{"line":88,"column":13}}]},"5":{"loc":{"start":{"line":89,"column":12},"end":{"line":94,"column":13}},"type":"if","locations":[{"start":{"line":89,"column":12},"end":{"line":94,"column":13}},{"start":{"line":89,"column":12},"end":{"line":94,"column":13}}]},"6":{"loc":{"start":{"line":96,"column":8},"end":{"line":102,"column":9}},"type":"if","locations":[{"start":{"line":96,"column":8},"end":{"line":102,"column":9}},{"start":{"line":96,"column":8},"end":{"line":102,"column":9}}]}},"s":{"0":1,"1":1,"2":1,"3":1,"4":0,"5":0,"6":0,"7":0,"8":1,"9":0,"10":0,"11":0,"12":0,"13":0,"14":0,"15":1,"16":0,"17":0,"18":0,"19":0,"20":0,"21":0,"22":1,"23":0,"24":0,"25":0,"26":0,"27":0,"28":0,"29":0,"30":0,"31":0,"32":0,"33":0,"34":0,"35":0,"36":0,"37":0,"38":0,"39":0,"40":0,"41":0,"42":0,"43":0,"44":0,"45":0,"46":0,"47":0,"48":0,"49":0,"50":0,"51":0,"52":0,"53":0,"54":0,"55":0,"56":1,"57":1,"58":1},"f":{"0":1,"1":0,"2":0,"3":0,"4":0,"5":0},"b":{"0":[0,0],"1":[0,0],"2":[0,0],"3":[0,0],"4":[0,0],"5":[0,0],"6":[0,0]},"_coverageSchema":"332fd63041d2c1bcb487cc26dd0d5f7d97098a6c","hash":"9d7c7e75a7d1a589de2f3c920427af47af785e0a","contentHash":"835502f7c66918e1736fa744fa2556d7_10.1.2"},"C:\\Users\\timan\\Desktop\\310-project\\src\\controller\\Options.js":{"path":"C:\\Users\\timan\\Desktop\\310-project\\src\\controller\\Options.js","statementMap":{"0":{"start":{"line":2,"column":16},"end":{"line":2,"column":36}},"1":{"start":{"line":3,"column":14},"end":{"line":3,"column":32}},"2":{"start":{"line":4,"column":15},"end":{"line":103,"column":3}},"3":{"start":{"line":6,"column":8},"end":{"line":18,"column":9}},"4":{"start":{"line":7,"column":12},"end":{"line":7,"column":75}},"5":{"start":{"line":8,"column":12},"end":{"line":14,"column":13}},"6":{"start":{"line":9,"column":16},"end":{"line":9,"column":73}},"7":{"start":{"line":10,"column":16},"end":{"line":10,"column":37}},"8":{"start":{"line":13,"column":16},"end":{"line":13,"column":34}},"9":{"start":{"line":17,"column":12},"end":{"line":17,"column":22}},"10":{"start":{"line":20,"column":4},"end":{"line":28,"column":6}},"11":{"start":{"line":21,"column":8},"end":{"line":26,"column":9}},"12":{"start":{"line":22,"column":22},"end":{"line":22,"column":28}},"13":{"start":{"line":23,"column":12},"end":{"line":25,"column":13}},"14":{"start":{"line":24,"column":16},"end":{"line":24,"column":23}},"15":{"start":{"line":27,"column":8},"end":{"line":27,"column":48}},"16":{"start":{"line":29,"column":4},"end":{"line":39,"column":6}},"17":{"start":{"line":30,"column":19},"end":{"line":30,"column":39}},"18":{"start":{"line":31,"column":8},"end":{"line":38,"column":9}},"19":{"start":{"line":32,"column":29},"end":{"line":32,"column":36}},"20":{"start":{"line":33,"column":26},"end":{"line":33,"column":45}},"21":{"start":{"line":34,"column":12},"end":{"line":34,"column":27}},"22":{"start":{"line":37,"column":12},"end":{"line":37,"column":35}},"23":{"start":{"line":40,"column":4},"end":{"line":48,"column":6}},"24":{"start":{"line":41,"column":19},"end":{"line":41,"column":39}},"25":{"start":{"line":42,"column":8},"end":{"line":47,"column":9}},"26":{"start":{"line":43,"column":12},"end":{"line":43,"column":24}},"27":{"start":{"line":46,"column":12},"end":{"line":46,"column":25}},"28":{"start":{"line":49,"column":4},"end":{"line":59,"column":6}},"29":{"start":{"line":50,"column":19},"end":{"line":50,"column":39}},"30":{"start":{"line":51,"column":8},"end":{"line":58,"column":9}},"31":{"start":{"line":52,"column":27},"end":{"line":52,"column":34}},"32":{"start":{"line":53,"column":24},"end":{"line":53,"column":41}},"33":{"start":{"line":54,"column":12},"end":{"line":54,"column":36}},"34":{"start":{"line":57,"column":12},"end":{"line":57,"column":33}},"35":{"start":{"line":60,"column":4},"end":{"line":70,"column":6}},"36":{"start":{"line":61,"column":8},"end":{"line":68,"column":9}},"37":{"start":{"line":62,"column":22},"end":{"line":62,"column":32}},"38":{"start":{"line":63,"column":12},"end":{"line":67,"column":13}},"39":{"start":{"line":66,"column":16},"end":{"line":66,"column":29}},"40":{"start":{"line":69,"column":8},"end":{"line":69,"column":20}},"41":{"start":{"line":71,"column":4},"end":{"line":78,"column":6}},"42":{"start":{"line":72,"column":8},"end":{"line":77,"column":9}},"43":{"start":{"line":73,"column":12},"end":{"line":73,"column":24}},"44":{"start":{"line":76,"column":12},"end":{"line":76,"column":25}},"45":{"start":{"line":79,"column":4},"end":{"line":86,"column":6}},"46":{"start":{"line":80,"column":8},"end":{"line":85,"column":9}},"47":{"start":{"line":81,"column":12},"end":{"line":81,"column":24}},"48":{"start":{"line":84,"column":12},"end":{"line":84,"column":25}},"49":{"start":{"line":87,"column":4},"end":{"line":101,"column":6}},"50":{"start":{"line":88,"column":8},"end":{"line":99,"column":9}},"51":{"start":{"line":89,"column":31},"end":{"line":92,"column":13}},"52":{"start":{"line":95,"column":31},"end":{"line":98,"column":13}},"53":{"start":{"line":100,"column":8},"end":{"line":100,"column":28}},"54":{"start":{"line":102,"column":4},"end":{"line":102,"column":19}},"55":{"start":{"line":104,"column":0},"end":{"line":104,"column":62}},"56":{"start":{"line":105,"column":0},"end":{"line":105,"column":26}}},"fnMap":{"0":{"name":"(anonymous_0)","decl":{"start":{"line":4,"column":15},"end":{"line":4,"column":16}},"loc":{"start":{"line":4,"column":27},"end":{"line":103,"column":1}}},"1":{"name":"Options","decl":{"start":{"line":5,"column":13},"end":{"line":5,"column":20}},"loc":{"start":{"line":5,"column":30},"end":{"line":19,"column":5}}},"2":{"name":"(anonymous_2)","decl":{"start":{"line":20,"column":38},"end":{"line":20,"column":39}},"loc":{"start":{"line":20,"column":50},"end":{"line":28,"column":5}}},"3":{"name":"(anonymous_3)","decl":{"start":{"line":29,"column":35},"end":{"line":29,"column":36}},"loc":{"start":{"line":29,"column":54},"end":{"line":39,"column":5}}},"4":{"name":"(anonymous_4)","decl":{"start":{"line":40,"column":37},"end":{"line":40,"column":38}},"loc":{"start":{"line":40,"column":56},"end":{"line":48,"column":5}}},"5":{"name":"(anonymous_5)","decl":{"start":{"line":49,"column":33},"end":{"line":49,"column":34}},"loc":{"start":{"line":49,"column":52},"end":{"line":59,"column":5}}},"6":{"name":"(anonymous_6)","decl":{"start":{"line":60,"column":30},"end":{"line":60,"column":31}},"loc":{"start":{"line":60,"column":46},"end":{"line":70,"column":5}}},"7":{"name":"(anonymous_7)","decl":{"start":{"line":71,"column":34},"end":{"line":71,"column":35}},"loc":{"start":{"line":71,"column":49},"end":{"line":78,"column":5}}},"8":{"name":"(anonymous_8)","decl":{"start":{"line":79,"column":36},"end":{"line":79,"column":37}},"loc":{"start":{"line":79,"column":51},"end":{"line":86,"column":5}}},"9":{"name":"(anonymous_9)","decl":{"start":{"line":87,"column":33},"end":{"line":87,"column":34}},"loc":{"start":{"line":87,"column":45},"end":{"line":101,"column":5}}}},"branchMap":{"0":{"loc":{"start":{"line":8,"column":12},"end":{"line":14,"column":13}},"type":"if","locations":[{"start":{"line":8,"column":12},"end":{"line":14,"column":13}},{"start":{"line":8,"column":12},"end":{"line":14,"column":13}}]},"1":{"loc":{"start":{"line":23,"column":12},"end":{"line":25,"column":13}},"type":"if","locations":[{"start":{"line":23,"column":12},"end":{"line":25,"column":13}},{"start":{"line":23,"column":12},"end":{"line":25,"column":13}}]},"2":{"loc":{"start":{"line":31,"column":8},"end":{"line":38,"column":9}},"type":"if","locations":[{"start":{"line":31,"column":8},"end":{"line":38,"column":9}},{"start":{"line":31,"column":8},"end":{"line":38,"column":9}}]},"3":{"loc":{"start":{"line":42,"column":8},"end":{"line":47,"column":9}},"type":"if","locations":[{"start":{"line":42,"column":8},"end":{"line":47,"column":9}},{"start":{"line":42,"column":8},"end":{"line":47,"column":9}}]},"4":{"loc":{"start":{"line":51,"column":8},"end":{"line":58,"column":9}},"type":"if","locations":[{"start":{"line":51,"column":8},"end":{"line":58,"column":9}},{"start":{"line":51,"column":8},"end":{"line":58,"column":9}}]},"5":{"loc":{"start":{"line":63,"column":12},"end":{"line":67,"column":13}},"type":"if","locations":[{"start":{"line":63,"column":12},"end":{"line":67,"column":13}},{"start":{"line":63,"column":12},"end":{"line":67,"column":13}}]},"6":{"loc":{"start":{"line":63,"column":16},"end":{"line":63,"column":60}},"type":"binary-expr","locations":[{"start":{"line":63,"column":16},"end":{"line":63,"column":37}},{"start":{"line":63,"column":41},"end":{"line":63,"column":60}}]},"7":{"loc":{"start":{"line":72,"column":8},"end":{"line":77,"column":9}},"type":"if","locations":[{"start":{"line":72,"column":8},"end":{"line":77,"column":9}},{"start":{"line":72,"column":8},"end":{"line":77,"column":9}}]},"8":{"loc":{"start":{"line":72,"column":12},"end":{"line":72,"column":210}},"type":"binary-expr","locations":[{"start":{"line":72,"column":12},"end":{"line":72,"column":36}},{"start":{"line":72,"column":40},"end":{"line":72,"column":57}},{"start":{"line":72,"column":61},"end":{"line":72,"column":75}},{"start":{"line":72,"column":79},"end":{"line":72,"column":91}},{"start":{"line":72,"column":95},"end":{"line":72,"column":110}},{"start":{"line":72,"column":114},"end":{"line":72,"column":125}},{"start":{"line":72,"column":129},"end":{"line":72,"column":140}},{"start":{"line":72,"column":144},"end":{"line":72,"column":157}},{"start":{"line":72,"column":161},"end":{"line":72,"column":173}},{"start":{"line":72,"column":177},"end":{"line":72,"column":194}},{"start":{"line":72,"column":198},"end":{"line":72,"column":210}}]},"9":{"loc":{"start":{"line":80,"column":8},"end":{"line":85,"column":9}},"type":"if","locations":[{"start":{"line":80,"column":8},"end":{"line":85,"column":9}},{"start":{"line":80,"column":8},"end":{"line":85,"column":9}}]},"10":{"loc":{"start":{"line":80,"column":12},"end":{"line":80,"column":209}},"type":"binary-expr","locations":[{"start":{"line":80,"column":12},"end":{"line":80,"column":34}},{"start":{"line":80,"column":38},"end":{"line":80,"column":58}},{"start":{"line":80,"column":62},"end":{"line":80,"column":75}},{"start":{"line":80,"column":79},"end":{"line":80,"column":99}},{"start":{"line":80,"column":103},"end":{"line":80,"column":118}},{"start":{"line":80,"column":122},"end":{"line":80,"column":136}},{"start":{"line":80,"column":140},"end":{"line":80,"column":154}},{"start":{"line":80,"column":158},"end":{"line":80,"column":173}},{"start":{"line":80,"column":177},"end":{"line":80,"column":191}},{"start":{"line":80,"column":195},"end":{"line":80,"column":209}}]},"11":{"loc":{"start":{"line":88,"column":8},"end":{"line":99,"column":9}},"type":"if","locations":[{"start":{"line":88,"column":8},"end":{"line":99,"column":9}},{"start":{"line":88,"column":8},"end":{"line":99,"column":9}}]}},"s":{"0":1,"1":1,"2":1,"3":0,"4":0,"5":0,"6":0,"7":0,"8":0,"9":0,"10":1,"11":0,"12":0,"13":0,"14":0,"15":0,"16":1,"17":0,"18":0,"19":0,"20":0,"21":0,"22":0,"23":1,"24":0,"25":0,"26":0,"27":0,"28":1,"29":0,"30":0,"31":0,"32":0,"33":0,"34":0,"35":1,"36":0,"37":0,"38":0,"39":0,"40":0,"41":1,"42":0,"43":0,"44":0,"45":1,"46":0,"47":0,"48":0,"49":1,"50":0,"51":0,"52":0,"53":0,"54":1,"55":1,"56":1},"f":{"0":1,"1":0,"2":0,"3":0,"4":0,"5":0,"6":0,"7":0,"8":0,"9":0},"b":{"0":[0,0],"1":[0,0],"2":[0,0],"3":[0,0],"4":[0,0],"5":[0,0],"6":[0,0],"7":[0,0],"8":[0,0,0,0,0,0,0,0,0,0,0],"9":[0,0],"10":[0,0,0,0,0,0,0,0,0,0],"11":[0,0]},"_coverageSchema":"332fd63041d2c1bcb487cc26dd0d5f7d97098a6c","hash":"2ce708058ff958f9099e7de151e0418c7c0886f8","contentHash":"4964f7d967eb6bca6bbd3d666270678b_10.1.2"},"C:\\Users\\timan\\Desktop\\310-project\\src\\controller\\Columns.js":{"path":"C:\\Users\\timan\\Desktop\\310-project\\src\\controller\\Columns.js","statementMap":{"0":{"start":{"line":2,"column":15},"end":{"line":112,"column":3}},"1":{"start":{"line":4,"column":8},"end":{"line":4,"column":23}},"2":{"start":{"line":5,"column":8},"end":{"line":10,"column":9}},"3":{"start":{"line":6,"column":12},"end":{"line":6,"column":34}},"4":{"start":{"line":9,"column":12},"end":{"line":9,"column":22}},"5":{"start":{"line":12,"column":4},"end":{"line":25,"column":6}},"6":{"start":{"line":13,"column":19},"end":{"line":13,"column":39}},"7":{"start":{"line":14,"column":19},"end":{"line":14,"column":30}},"8":{"start":{"line":15,"column":8},"end":{"line":24,"column":9}},"9":{"start":{"line":16,"column":26},"end":{"line":16,"column":33}},"10":{"start":{"line":17,"column":22},"end":{"line":17,"column":38}},"11":{"start":{"line":18,"column":12},"end":{"line":23,"column":13}},"12":{"start":{"line":19,"column":16},"end":{"line":19,"column":36}},"13":{"start":{"line":22,"column":16},"end":{"line":22,"column":38}},"14":{"start":{"line":26,"column":4},"end":{"line":36,"column":6}},"15":{"start":{"line":27,"column":8},"end":{"line":34,"column":9}},"16":{"start":{"line":28,"column":22},"end":{"line":28,"column":32}},"17":{"start":{"line":29,"column":12},"end":{"line":33,"column":13}},"18":{"start":{"line":32,"column":16},"end":{"line":32,"column":29}},"19":{"start":{"line":35,"column":8},"end":{"line":35,"column":20}},"20":{"start":{"line":37,"column":4},"end":{"line":106,"column":6}},"21":{"start":{"line":38,"column":26},"end":{"line":38,"column":28}},"22":{"start":{"line":39,"column":8},"end":{"line":104,"column":9}},"23":{"start":{"line":40,"column":22},"end":{"line":40,"column":28}},"24":{"start":{"line":41,"column":12},"end":{"line":43,"column":13}},"25":{"start":{"line":42,"column":16},"end":{"line":42,"column":44}},"26":{"start":{"line":44,"column":12},"end":{"line":46,"column":13}},"27":{"start":{"line":45,"column":16},"end":{"line":45,"column":43}},"28":{"start":{"line":47,"column":12},"end":{"line":49,"column":13}},"29":{"start":{"line":48,"column":16},"end":{"line":48,"column":40}},"30":{"start":{"line":50,"column":12},"end":{"line":52,"column":13}},"31":{"start":{"line":51,"column":16},"end":{"line":51,"column":46}},"32":{"start":{"line":53,"column":12},"end":{"line":55,"column":13}},"33":{"start":{"line":54,"column":16},"end":{"line":54,"column":42}},"34":{"start":{"line":56,"column":12},"end":{"line":58,"column":13}},"35":{"start":{"line":57,"column":16},"end":{"line":57,"column":41}},"36":{"start":{"line":59,"column":12},"end":{"line":61,"column":13}},"37":{"start":{"line":60,"column":16},"end":{"line":60,"column":41}},"38":{"start":{"line":62,"column":12},"end":{"line":64,"column":13}},"39":{"start":{"line":63,"column":16},"end":{"line":63,"column":42}},"40":{"start":{"line":65,"column":12},"end":{"line":67,"column":13}},"41":{"start":{"line":66,"column":16},"end":{"line":66,"column":39}},"42":{"start":{"line":68,"column":12},"end":{"line":70,"column":13}},"43":{"start":{"line":69,"column":16},"end":{"line":69,"column":41}},"44":{"start":{"line":71,"column":12},"end":{"line":73,"column":13}},"45":{"start":{"line":72,"column":16},"end":{"line":72,"column":51}},"46":{"start":{"line":74,"column":12},"end":{"line":76,"column":13}},"47":{"start":{"line":75,"column":16},"end":{"line":75,"column":52}},"48":{"start":{"line":77,"column":12},"end":{"line":79,"column":13}},"49":{"start":{"line":78,"column":16},"end":{"line":78,"column":49}},"50":{"start":{"line":80,"column":12},"end":{"line":82,"column":13}},"51":{"start":{"line":81,"column":16},"end":{"line":81,"column":47}},"52":{"start":{"line":83,"column":12},"end":{"line":85,"column":13}},"53":{"start":{"line":84,"column":16},"end":{"line":84,"column":50}},"54":{"start":{"line":86,"column":12},"end":{"line":88,"column":13}},"55":{"start":{"line":87,"column":16},"end":{"line":87,"column":46}},"56":{"start":{"line":89,"column":12},"end":{"line":91,"column":13}},"57":{"start":{"line":90,"column":16},"end":{"line":90,"column":46}},"58":{"start":{"line":92,"column":12},"end":{"line":94,"column":13}},"59":{"start":{"line":93,"column":16},"end":{"line":93,"column":48}},"60":{"start":{"line":95,"column":12},"end":{"line":97,"column":13}},"61":{"start":{"line":96,"column":16},"end":{"line":96,"column":47}},"62":{"start":{"line":98,"column":12},"end":{"line":100,"column":13}},"63":{"start":{"line":99,"column":16},"end":{"line":99,"column":52}},"64":{"start":{"line":101,"column":12},"end":{"line":103,"column":13}},"65":{"start":{"line":102,"column":16},"end":{"line":102,"column":47}},"66":{"start":{"line":105,"column":8},"end":{"line":105,"column":27}},"67":{"start":{"line":107,"column":4},"end":{"line":110,"column":6}},"68":{"start":{"line":108,"column":24},"end":{"line":108,"column":89}},"69":{"start":{"line":109,"column":8},"end":{"line":109,"column":25}},"70":{"start":{"line":111,"column":4},"end":{"line":111,"column":19}},"71":{"start":{"line":113,"column":0},"end":{"line":113,"column":62}},"72":{"start":{"line":114,"column":0},"end":{"line":114,"column":26}}},"fnMap":{"0":{"name":"(anonymous_0)","decl":{"start":{"line":2,"column":15},"end":{"line":2,"column":16}},"loc":{"start":{"line":2,"column":27},"end":{"line":112,"column":1}}},"1":{"name":"Columns","decl":{"start":{"line":3,"column":13},"end":{"line":3,"column":20}},"loc":{"start":{"line":3,"column":30},"end":{"line":11,"column":5}}},"2":{"name":"(anonymous_2)","decl":{"start":{"line":12,"column":32},"end":{"line":12,"column":33}},"loc":{"start":{"line":12,"column":51},"end":{"line":25,"column":5}}},"3":{"name":"(anonymous_3)","decl":{"start":{"line":26,"column":32},"end":{"line":26,"column":33}},"loc":{"start":{"line":26,"column":48},"end":{"line":36,"column":5}}},"4":{"name":"(anonymous_4)","decl":{"start":{"line":37,"column":39},"end":{"line":37,"column":40}},"loc":{"start":{"line":37,"column":51},"end":{"line":106,"column":5}}},"5":{"name":"(anonymous_5)","decl":{"start":{"line":107,"column":33},"end":{"line":107,"column":34}},"loc":{"start":{"line":107,"column":45},"end":{"line":110,"column":5}}}},"branchMap":{"0":{"loc":{"start":{"line":18,"column":12},"end":{"line":23,"column":13}},"type":"if","locations":[{"start":{"line":18,"column":12},"end":{"line":23,"column":13}},{"start":{"line":18,"column":12},"end":{"line":23,"column":13}}]},"1":{"loc":{"start":{"line":29,"column":12},"end":{"line":33,"column":13}},"type":"if","locations":[{"start":{"line":29,"column":12},"end":{"line":33,"column":13}},{"start":{"line":29,"column":12},"end":{"line":33,"column":13}}]},"2":{"loc":{"start":{"line":29,"column":16},"end":{"line":29,"column":407}},"type":"binary-expr","locations":[{"start":{"line":29,"column":16},"end":{"line":29,"column":38}},{"start":{"line":29,"column":42},"end":{"line":29,"column":62}},{"start":{"line":29,"column":66},"end":{"line":29,"column":79}},{"start":{"line":29,"column":83},"end":{"line":29,"column":103}},{"start":{"line":29,"column":107},"end":{"line":29,"column":122}},{"start":{"line":29,"column":126},"end":{"line":29,"column":140}},{"start":{"line":29,"column":144},"end":{"line":29,"column":158}},{"start":{"line":29,"column":162},"end":{"line":29,"column":177}},{"start":{"line":29,"column":181},"end":{"line":29,"column":195}},{"start":{"line":29,"column":199},"end":{"line":29,"column":213}},{"start":{"line":29,"column":217},"end":{"line":29,"column":233}},{"start":{"line":29,"column":237},"end":{"line":29,"column":254}},{"start":{"line":29,"column":258},"end":{"line":29,"column":272}},{"start":{"line":29,"column":276},"end":{"line":29,"column":288}},{"start":{"line":29,"column":292},"end":{"line":29,"column":307}},{"start":{"line":29,"column":311},"end":{"line":29,"column":322}},{"start":{"line":29,"column":326},"end":{"line":29,"column":337}},{"start":{"line":29,"column":341},"end":{"line":29,"column":354}},{"start":{"line":29,"column":358},"end":{"line":29,"column":370}},{"start":{"line":29,"column":374},"end":{"line":29,"column":391}},{"start":{"line":29,"column":395},"end":{"line":29,"column":407}}]},"3":{"loc":{"start":{"line":41,"column":12},"end":{"line":43,"column":13}},"type":"if","locations":[{"start":{"line":41,"column":12},"end":{"line":43,"column":13}},{"start":{"line":41,"column":12},"end":{"line":43,"column":13}}]},"4":{"loc":{"start":{"line":44,"column":12},"end":{"line":46,"column":13}},"type":"if","locations":[{"start":{"line":44,"column":12},"end":{"line":46,"column":13}},{"start":{"line":44,"column":12},"end":{"line":46,"column":13}}]},"5":{"loc":{"start":{"line":47,"column":12},"end":{"line":49,"column":13}},"type":"if","locations":[{"start":{"line":47,"column":12},"end":{"line":49,"column":13}},{"start":{"line":47,"column":12},"end":{"line":49,"column":13}}]},"6":{"loc":{"start":{"line":50,"column":12},"end":{"line":52,"column":13}},"type":"if","locations":[{"start":{"line":50,"column":12},"end":{"line":52,"column":13}},{"start":{"line":50,"column":12},"end":{"line":52,"column":13}}]},"7":{"loc":{"start":{"line":53,"column":12},"end":{"line":55,"column":13}},"type":"if","locations":[{"start":{"line":53,"column":12},"end":{"line":55,"column":13}},{"start":{"line":53,"column":12},"end":{"line":55,"column":13}}]},"8":{"loc":{"start":{"line":56,"column":12},"end":{"line":58,"column":13}},"type":"if","locations":[{"start":{"line":56,"column":12},"end":{"line":58,"column":13}},{"start":{"line":56,"column":12},"end":{"line":58,"column":13}}]},"9":{"loc":{"start":{"line":59,"column":12},"end":{"line":61,"column":13}},"type":"if","locations":[{"start":{"line":59,"column":12},"end":{"line":61,"column":13}},{"start":{"line":59,"column":12},"end":{"line":61,"column":13}}]},"10":{"loc":{"start":{"line":62,"column":12},"end":{"line":64,"column":13}},"type":"if","locations":[{"start":{"line":62,"column":12},"end":{"line":64,"column":13}},{"start":{"line":62,"column":12},"end":{"line":64,"column":13}}]},"11":{"loc":{"start":{"line":65,"column":12},"end":{"line":67,"column":13}},"type":"if","locations":[{"start":{"line":65,"column":12},"end":{"line":67,"column":13}},{"start":{"line":65,"column":12},"end":{"line":67,"column":13}}]},"12":{"loc":{"start":{"line":68,"column":12},"end":{"line":70,"column":13}},"type":"if","locations":[{"start":{"line":68,"column":12},"end":{"line":70,"column":13}},{"start":{"line":68,"column":12},"end":{"line":70,"column":13}}]},"13":{"loc":{"start":{"line":71,"column":12},"end":{"line":73,"column":13}},"type":"if","locations":[{"start":{"line":71,"column":12},"end":{"line":73,"column":13}},{"start":{"line":71,"column":12},"end":{"line":73,"column":13}}]},"14":{"loc":{"start":{"line":74,"column":12},"end":{"line":76,"column":13}},"type":"if","locations":[{"start":{"line":74,"column":12},"end":{"line":76,"column":13}},{"start":{"line":74,"column":12},"end":{"line":76,"column":13}}]},"15":{"loc":{"start":{"line":77,"column":12},"end":{"line":79,"column":13}},"type":"if","locations":[{"start":{"line":77,"column":12},"end":{"line":79,"column":13}},{"start":{"line":77,"column":12},"end":{"line":79,"column":13}}]},"16":{"loc":{"start":{"line":80,"column":12},"end":{"line":82,"column":13}},"type":"if","locations":[{"start":{"line":80,"column":12},"end":{"line":82,"column":13}},{"start":{"line":80,"column":12},"end":{"line":82,"column":13}}]},"17":{"loc":{"start":{"line":83,"column":12},"end":{"line":85,"column":13}},"type":"if","locations":[{"start":{"line":83,"column":12},"end":{"line":85,"column":13}},{"start":{"line":83,"column":12},"end":{"line":85,"column":13}}]},"18":{"loc":{"start":{"line":86,"column":12},"end":{"line":88,"column":13}},"type":"if","locations":[{"start":{"line":86,"column":12},"end":{"line":88,"column":13}},{"start":{"line":86,"column":12},"end":{"line":88,"column":13}}]},"19":{"loc":{"start":{"line":89,"column":12},"end":{"line":91,"column":13}},"type":"if","locations":[{"start":{"line":89,"column":12},"end":{"line":91,"column":13}},{"start":{"line":89,"column":12},"end":{"line":91,"column":13}}]},"20":{"loc":{"start":{"line":92,"column":12},"end":{"line":94,"column":13}},"type":"if","locations":[{"start":{"line":92,"column":12},"end":{"line":94,"column":13}},{"start":{"line":92,"column":12},"end":{"line":94,"column":13}}]},"21":{"loc":{"start":{"line":95,"column":12},"end":{"line":97,"column":13}},"type":"if","locations":[{"start":{"line":95,"column":12},"end":{"line":97,"column":13}},{"start":{"line":95,"column":12},"end":{"line":97,"column":13}}]},"22":{"loc":{"start":{"line":98,"column":12},"end":{"line":100,"column":13}},"type":"if","locations":[{"start":{"line":98,"column":12},"end":{"line":100,"column":13}},{"start":{"line":98,"column":12},"end":{"line":100,"column":13}}]},"23":{"loc":{"start":{"line":101,"column":12},"end":{"line":103,"column":13}},"type":"if","locations":[{"start":{"line":101,"column":12},"end":{"line":103,"column":13}},{"start":{"line":101,"column":12},"end":{"line":103,"column":13}}]}},"s":{"0":1,"1":0,"2":0,"3":0,"4":0,"5":1,"6":0,"7":0,"8":0,"9":0,"10":0,"11":0,"12":0,"13":0,"14":1,"15":0,"16":0,"17":0,"18":0,"19":0,"20":1,"21":0,"22":0,"23":0,"24":0,"25":0,"26":0,"27":0,"28":0,"29":0,"30":0,"31":0,"32":0,"33":0,"34":0,"35":0,"36":0,"37":0,"38":0,"39":0,"40":0,"41":0,"42":0,"43":0,"44":0,"45":0,"46":0,"47":0,"48":0,"49":0,"50":0,"51":0,"52":0,"53":0,"54":0,"55":0,"56":0,"57":0,"58":0,"59":0,"60":0,"61":0,"62":0,"63":0,"64":0,"65":0,"66":0,"67":1,"68":0,"69":0,"70":1,"71":1,"72":1},"f":{"0":1,"1":0,"2":0,"3":0,"4":0,"5":0},"b":{"0":[0,0],"1":[0,0],"2":[0,0,0,0,0,0,0,0,0,0,0,0,0,0,0,0,0,0,0,0,0],"3":[0,0],"4":[0,0],"5":[0,0],"6":[0,0],"7":[0,0],"8":[0,0],"9":[0,0],"10":[0,0],"11":[0,0],"12":[0,0],"13":[0,0],"14":[0,0],"15":[0,0],"16":[0,0],"17":[0,0],"18":[0,0],"19":[0,0],"20":[0,0],"21":[0,0],"22":[0,0],"23":[0,0]},"_coverageSchema":"332fd63041d2c1bcb487cc26dd0d5f7d97098a6c","hash":"3a9ca30bb8bc83b895fa1c55082f9e5d51085164","contentHash":"a8517f3cc6632db42263e9b7d12a0acc_10.1.2"},"C:\\Users\\timan\\Desktop\\310-project\\src\\controller\\Order.js":{"path":"C:\\Users\\timan\\Desktop\\310-project\\src\\controller\\Order.js","statementMap":{"0":{"start":{"line":2,"column":13},"end":{"line":51,"column":3}},"1":{"start":{"line":4,"column":8},"end":{"line":9,"column":9}},"2":{"start":{"line":5,"column":12},"end":{"line":5,"column":42}},"3":{"start":{"line":8,"column":12},"end":{"line":8,"column":22}},"4":{"start":{"line":11,"column":4},"end":{"line":21,"column":6}},"5":{"start":{"line":12,"column":19},"end":{"line":12,"column":37}},"6":{"start":{"line":13,"column":21},"end":{"line":13,"column":28}},"7":{"start":{"line":14,"column":18},"end":{"line":14,"column":31}},"8":{"start":{"line":15,"column":8},"end":{"line":20,"column":9}},"9":{"start":{"line":16,"column":12},"end":{"line":16,"column":23}},"10":{"start":{"line":19,"column":12},"end":{"line":19,"column":33}},"11":{"start":{"line":22,"column":4},"end":{"line":29,"column":6}},"12":{"start":{"line":23,"column":8},"end":{"line":28,"column":9}},"13":{"start":{"line":24,"column":12},"end":{"line":24,"column":24}},"14":{"start":{"line":27,"column":12},"end":{"line":27,"column":25}},"15":{"start":{"line":30,"column":4},"end":{"line":37,"column":6}},"16":{"start":{"line":31,"column":8},"end":{"line":36,"column":9}},"17":{"start":{"line":32,"column":12},"end":{"line":32,"column":24}},"18":{"start":{"line":35,"column":12},"end":{"line":35,"column":25}},"19":{"start":{"line":38,"column":4},"end":{"line":45,"column":6}},"20":{"start":{"line":39,"column":8},"end":{"line":44,"column":9}},"21":{"start":{"line":40,"column":12},"end":{"line":40,"column":24}},"22":{"start":{"line":43,"column":12},"end":{"line":43,"column":25}},"23":{"start":{"line":46,"column":4},"end":{"line":49,"column":6}},"24":{"start":{"line":47,"column":18},"end":{"line":47,"column":26}},"25":{"start":{"line":48,"column":8},"end":{"line":48,"column":19}},"26":{"start":{"line":50,"column":4},"end":{"line":50,"column":17}},"27":{"start":{"line":52,"column":0},"end":{"line":52,"column":62}},"28":{"start":{"line":53,"column":0},"end":{"line":53,"column":24}}},"fnMap":{"0":{"name":"(anonymous_0)","decl":{"start":{"line":2,"column":13},"end":{"line":2,"column":14}},"loc":{"start":{"line":2,"column":25},"end":{"line":51,"column":1}}},"1":{"name":"Order","decl":{"start":{"line":3,"column":13},"end":{"line":3,"column":18}},"loc":{"start":{"line":3,"column":26},"end":{"line":10,"column":5}}},"2":{"name":"(anonymous_2)","decl":{"start":{"line":11,"column":29},"end":{"line":11,"column":30}},"loc":{"start":{"line":11,"column":46},"end":{"line":21,"column":5}}},"3":{"name":"(anonymous_3)","decl":{"start":{"line":22,"column":28},"end":{"line":22,"column":29}},"loc":{"start":{"line":22,"column":43},"end":{"line":29,"column":5}}},"4":{"name":"(anonymous_4)","decl":{"start":{"line":30,"column":32},"end":{"line":30,"column":33}},"loc":{"start":{"line":30,"column":47},"end":{"line":37,"column":5}}},"5":{"name":"(anonymous_5)","decl":{"start":{"line":38,"column":34},"end":{"line":38,"column":35}},"loc":{"start":{"line":38,"column":49},"end":{"line":45,"column":5}}},"6":{"name":"(anonymous_6)","decl":{"start":{"line":46,"column":31},"end":{"line":46,"column":32}},"loc":{"start":{"line":46,"column":43},"end":{"line":49,"column":5}}}},"branchMap":{"0":{"loc":{"start":{"line":15,"column":8},"end":{"line":20,"column":9}},"type":"if","locations":[{"start":{"line":15,"column":8},"end":{"line":20,"column":9}},{"start":{"line":15,"column":8},"end":{"line":20,"column":9}}]},"1":{"loc":{"start":{"line":23,"column":8},"end":{"line":28,"column":9}},"type":"if","locations":[{"start":{"line":23,"column":8},"end":{"line":28,"column":9}},{"start":{"line":23,"column":8},"end":{"line":28,"column":9}}]},"2":{"loc":{"start":{"line":23,"column":12},"end":{"line":23,"column":56}},"type":"binary-expr","locations":[{"start":{"line":23,"column":12},"end":{"line":23,"column":31}},{"start":{"line":23,"column":35},"end":{"line":23,"column":56}}]},"3":{"loc":{"start":{"line":31,"column":8},"end":{"line":36,"column":9}},"type":"if","locations":[{"start":{"line":31,"column":8},"end":{"line":36,"column":9}},{"start":{"line":31,"column":8},"end":{"line":36,"column":9}}]},"4":{"loc":{"start":{"line":31,"column":12},"end":{"line":31,"column":210}},"type":"binary-expr","locations":[{"start":{"line":31,"column":12},"end":{"line":31,"column":36}},{"start":{"line":31,"column":40},"end":{"line":31,"column":57}},{"start":{"line":31,"column":61},"end":{"line":31,"column":75}},{"start":{"line":31,"column":79},"end":{"line":31,"column":91}},{"start":{"line":31,"column":95},"end":{"line":31,"column":110}},{"start":{"line":31,"column":114},"end":{"line":31,"column":125}},{"start":{"line":31,"column":129},"end":{"line":31,"column":140}},{"start":{"line":31,"column":144},"end":{"line":31,"column":157}},{"start":{"line":31,"column":161},"end":{"line":31,"column":173}},{"start":{"line":31,"column":177},"end":{"line":31,"column":194}},{"start":{"line":31,"column":198},"end":{"line":31,"column":210}}]},"5":{"loc":{"start":{"line":39,"column":8},"end":{"line":44,"column":9}},"type":"if","locations":[{"start":{"line":39,"column":8},"end":{"line":44,"column":9}},{"start":{"line":39,"column":8},"end":{"line":44,"column":9}}]},"6":{"loc":{"start":{"line":39,"column":12},"end":{"line":39,"column":209}},"type":"binary-expr","locations":[{"start":{"line":39,"column":12},"end":{"line":39,"column":34}},{"start":{"line":39,"column":38},"end":{"line":39,"column":58}},{"start":{"line":39,"column":62},"end":{"line":39,"column":75}},{"start":{"line":39,"column":79},"end":{"line":39,"column":99}},{"start":{"line":39,"column":103},"end":{"line":39,"column":118}},{"start":{"line":39,"column":122},"end":{"line":39,"column":136}},{"start":{"line":39,"column":140},"end":{"line":39,"column":154}},{"start":{"line":39,"column":158},"end":{"line":39,"column":173}},{"start":{"line":39,"column":177},"end":{"line":39,"column":191}},{"start":{"line":39,"column":195},"end":{"line":39,"column":209}}]}},"s":{"0":1,"1":0,"2":0,"3":0,"4":1,"5":0,"6":0,"7":0,"8":0,"9":0,"10":0,"11":1,"12":0,"13":0,"14":0,"15":1,"16":0,"17":0,"18":0,"19":1,"20":0,"21":0,"22":0,"23":1,"24":0,"25":0,"26":1,"27":1,"28":1},"f":{"0":1,"1":0,"2":0,"3":0,"4":0,"5":0,"6":0},"b":{"0":[0,0],"1":[0,0],"2":[0,0],"3":[0,0],"4":[0,0,0,0,0,0,0,0,0,0,0],"5":[0,0],"6":[0,0,0,0,0,0,0,0,0,0]},"_coverageSchema":"332fd63041d2c1bcb487cc26dd0d5f7d97098a6c","hash":"9c2cd3d1b3c815957a46ca9b40433c8ae3035795","contentHash":"c0121a6a137b8dc1ed610583a8a11dbd_10.1.2"},"C:\\Users\\timan\\Desktop\\310-project\\src\\controller\\Body.js":{"path":"C:\\Users\\timan\\Desktop\\310-project\\src\\controller\\Body.js","statementMap":{"0":{"start":{"line":2,"column":15},"end":{"line":2,"column":34}},"1":{"start":{"line":3,"column":24},"end":{"line":3,"column":52}},"2":{"start":{"line":4,"column":20},"end":{"line":4,"column":44}},"3":{"start":{"line":5,"column":17},"end":{"line":5,"column":38}},"4":{"start":{"line":6,"column":20},"end":{"line":6,"column":44}},"5":{"start":{"line":7,"column":12},"end":{"line":57,"column":3}},"6":{"start":{"line":9,"column":8},"end":{"line":14,"column":9}},"7":{"start":{"line":10,"column":12},"end":{"line":10,"column":64}},"8":{"start":{"line":13,"column":12},"end":{"line":13,"column":22}},"9":{"start":{"line":16,"column":4},"end":{"line":26,"column":6}},"10":{"start":{"line":17,"column":19},"end":{"line":17,"column":36}},"11":{"start":{"line":18,"column":8},"end":{"line":25,"column":9}},"12":{"start":{"line":19,"column":28},"end":{"line":19,"column":35}},"13":{"start":{"line":20,"column":25},"end":{"line":20,"column":40}},"14":{"start":{"line":21,"column":12},"end":{"line":21,"column":26}},"15":{"start":{"line":24,"column":12},"end":{"line":24,"column":34}},"16":{"start":{"line":27,"column":4},"end":{"line":44,"column":6}},"17":{"start":{"line":28,"column":19},"end":{"line":28,"column":38}},"18":{"start":{"line":29,"column":8},"end":{"line":31,"column":9}},"19":{"start":{"line":30,"column":12},"end":{"line":30,"column":57}},"20":{"start":{"line":32,"column":8},"end":{"line":34,"column":9}},"21":{"start":{"line":33,"column":12},"end":{"line":33,"column":53}},"22":{"start":{"line":35,"column":8},"end":{"line":37,"column":9}},"23":{"start":{"line":36,"column":12},"end":{"line":36,"column":50}},"24":{"start":{"line":38,"column":8},"end":{"line":43,"column":9}},"25":{"start":{"line":39,"column":12},"end":{"line":39,"column":53}},"26":{"start":{"line":42,"column":12},"end":{"line":42,"column":38}},"27":{"start":{"line":45,"column":4},"end":{"line":55,"column":6}},"28":{"start":{"line":46,"column":8},"end":{"line":48,"column":9}},"29":{"start":{"line":47,"column":12},"end":{"line":47,"column":54}},"30":{"start":{"line":49,"column":8},"end":{"line":51,"column":9}},"31":{"start":{"line":50,"column":12},"end":{"line":50,"column":54}},"32":{"start":{"line":52,"column":8},"end":{"line":54,"column":9}},"33":{"start":{"line":53,"column":12},"end":{"line":53,"column":54}},"34":{"start":{"line":56,"column":4},"end":{"line":56,"column":16}},"35":{"start":{"line":58,"column":0},"end":{"line":58,"column":62}},"36":{"start":{"line":59,"column":0},"end":{"line":59,"column":23}}},"fnMap":{"0":{"name":"(anonymous_0)","decl":{"start":{"line":7,"column":12},"end":{"line":7,"column":13}},"loc":{"start":{"line":7,"column":24},"end":{"line":57,"column":1}}},"1":{"name":"Body","decl":{"start":{"line":8,"column":13},"end":{"line":8,"column":17}},"loc":{"start":{"line":8,"column":24},"end":{"line":15,"column":5}}},"2":{"name":"(anonymous_2)","decl":{"start":{"line":16,"column":21},"end":{"line":16,"column":22}},"loc":{"start":{"line":16,"column":37},"end":{"line":26,"column":5}}},"3":{"name":"(anonymous_3)","decl":{"start":{"line":27,"column":22},"end":{"line":27,"column":23}},"loc":{"start":{"line":27,"column":40},"end":{"line":44,"column":5}}},"4":{"name":"(anonymous_4)","decl":{"start":{"line":45,"column":30},"end":{"line":45,"column":31}},"loc":{"start":{"line":45,"column":54},"end":{"line":55,"column":5}}}},"branchMap":{"0":{"loc":{"start":{"line":18,"column":8},"end":{"line":25,"column":9}},"type":"if","locations":[{"start":{"line":18,"column":8},"end":{"line":25,"column":9}},{"start":{"line":18,"column":8},"end":{"line":25,"column":9}}]},"1":{"loc":{"start":{"line":29,"column":8},"end":{"line":31,"column":9}},"type":"if","locations":[{"start":{"line":29,"column":8},"end":{"line":31,"column":9}},{"start":{"line":29,"column":8},"end":{"line":31,"column":9}}]},"2":{"loc":{"start":{"line":32,"column":8},"end":{"line":34,"column":9}},"type":"if","locations":[{"start":{"line":32,"column":8},"end":{"line":34,"column":9}},{"start":{"line":32,"column":8},"end":{"line":34,"column":9}}]},"3":{"loc":{"start":{"line":35,"column":8},"end":{"line":37,"column":9}},"type":"if","locations":[{"start":{"line":35,"column":8},"end":{"line":37,"column":9}},{"start":{"line":35,"column":8},"end":{"line":37,"column":9}}]},"4":{"loc":{"start":{"line":38,"column":8},"end":{"line":43,"column":9}},"type":"if","locations":[{"start":{"line":38,"column":8},"end":{"line":43,"column":9}},{"start":{"line":38,"column":8},"end":{"line":43,"column":9}}]},"5":{"loc":{"start":{"line":46,"column":8},"end":{"line":48,"column":9}},"type":"if","locations":[{"start":{"line":46,"column":8},"end":{"line":48,"column":9}},{"start":{"line":46,"column":8},"end":{"line":48,"column":9}}]},"6":{"loc":{"start":{"line":46,"column":12},"end":{"line":46,"column":112}},"type":"binary-expr","locations":[{"start":{"line":46,"column":12},"end":{"line":46,"column":60}},{"start":{"line":46,"column":64},"end":{"line":46,"column":112}}]},"7":{"loc":{"start":{"line":49,"column":8},"end":{"line":51,"column":9}},"type":"if","locations":[{"start":{"line":49,"column":8},"end":{"line":51,"column":9}},{"start":{"line":49,"column":8},"end":{"line":51,"column":9}}]},"8":{"loc":{"start":{"line":52,"column":8},"end":{"line":54,"column":9}},"type":"if","locations":[{"start":{"line":52,"column":8},"end":{"line":54,"column":9}},{"start":{"line":52,"column":8},"end":{"line":54,"column":9}}]}},"s":{"0":1,"1":1,"2":1,"3":1,"4":1,"5":1,"6":0,"7":0,"8":0,"9":1,"10":0,"11":0,"12":0,"13":0,"14":0,"15":0,"16":1,"17":0,"18":0,"19":0,"20":0,"21":0,"22":0,"23":0,"24":0,"25":0,"26":0,"27":1,"28":0,"29":0,"30":0,"31":0,"32":0,"33":0,"34":1,"35":1,"36":1},"f":{"0":1,"1":0,"2":0,"3":0,"4":0},"b":{"0":[0,0],"1":[0,0],"2":[0,0],"3":[0,0],"4":[0,0],"5":[0,0],"6":[0,0],"7":[0,0],"8":[0,0]},"_coverageSchema":"332fd63041d2c1bcb487cc26dd0d5f7d97098a6c","hash":"165094bc4acece5c52741c701bd8346583aaeda2","contentHash":"2042524032b2c47a80a5cc7006321a70_10.1.2"},"C:\\Users\\timan\\Desktop\\310-project\\src\\controller\\Filter.js":{"path":"C:\\Users\\timan\\Desktop\\310-project\\src\\controller\\Filter.js","statementMap":{"0":{"start":{"line":2,"column":14},"end":{"line":41,"column":3}},"1":{"start":{"line":5,"column":4},"end":{"line":12,"column":6}},"2":{"start":{"line":6,"column":8},"end":{"line":11,"column":9}},"3":{"start":{"line":7,"column":12},"end":{"line":7,"column":24}},"4":{"start":{"line":10,"column":12},"end":{"line":10,"column":25}},"5":{"start":{"line":13,"column":4},"end":{"line":20,"column":6}},"6":{"start":{"line":14,"column":8},"end":{"line":19,"column":9}},"7":{"start":{"line":15,"column":12},"end":{"line":15,"column":24}},"8":{"start":{"line":18,"column":12},"end":{"line":18,"column":25}},"9":{"start":{"line":21,"column":4},"end":{"line":28,"column":6}},"10":{"start":{"line":22,"column":8},"end":{"line":27,"column":9}},"11":{"start":{"line":23,"column":12},"end":{"line":23,"column":24}},"12":{"start":{"line":26,"column":12},"end":{"line":26,"column":25}},"13":{"start":{"line":29,"column":4},"end":{"line":36,"column":6}},"14":{"start":{"line":30,"column":8},"end":{"line":35,"column":9}},"15":{"start":{"line":31,"column":12},"end":{"line":31,"column":24}},"16":{"start":{"line":34,"column":12},"end":{"line":34,"column":25}},"17":{"start":{"line":37,"column":4},"end":{"line":39,"column":6}},"18":{"start":{"line":38,"column":8},"end":{"line":38,"column":21}},"19":{"start":{"line":40,"column":4},"end":{"line":40,"column":18}},"20":{"start":{"line":42,"column":0},"end":{"line":42,"column":62}},"21":{"start":{"line":43,"column":0},"end":{"line":43,"column":25}}},"fnMap":{"0":{"name":"(anonymous_0)","decl":{"start":{"line":2,"column":14},"end":{"line":2,"column":15}},"loc":{"start":{"line":2,"column":26},"end":{"line":41,"column":1}}},"1":{"name":"Filter","decl":{"start":{"line":3,"column":13},"end":{"line":3,"column":19}},"loc":{"start":{"line":3,"column":22},"end":{"line":4,"column":5}}},"2":{"name":"(anonymous_2)","decl":{"start":{"line":5,"column":31},"end":{"line":5,"column":32}},"loc":{"start":{"line":5,"column":49},"end":{"line":12,"column":5}}},"3":{"name":"(anonymous_3)","decl":{"start":{"line":13,"column":27},"end":{"line":13,"column":28}},"loc":{"start":{"line":13,"column":45},"end":{"line":20,"column":5}}},"4":{"name":"(anonymous_4)","decl":{"start":{"line":21,"column":27},"end":{"line":21,"column":28}},"loc":{"start":{"line":21,"column":45},"end":{"line":28,"column":5}}},"5":{"name":"(anonymous_5)","decl":{"start":{"line":29,"column":24},"end":{"line":29,"column":25}},"loc":{"start":{"line":29,"column":42},"end":{"line":36,"column":5}}},"6":{"name":"(anonymous_6)","decl":{"start":{"line":37,"column":32},"end":{"line":37,"column":33}},"loc":{"start":{"line":37,"column":56},"end":{"line":39,"column":5}}}},"branchMap":{"0":{"loc":{"start":{"line":6,"column":8},"end":{"line":11,"column":9}},"type":"if","locations":[{"start":{"line":6,"column":8},"end":{"line":11,"column":9}},{"start":{"line":6,"column":8},"end":{"line":11,"column":9}}]},"1":{"loc":{"start":{"line":6,"column":12},"end":{"line":6,"column":47}},"type":"binary-expr","locations":[{"start":{"line":6,"column":12},"end":{"line":6,"column":28}},{"start":{"line":6,"column":32},"end":{"line":6,"column":47}}]},"2":{"loc":{"start":{"line":14,"column":8},"end":{"line":19,"column":9}},"type":"if","locations":[{"start":{"line":14,"column":8},"end":{"line":19,"column":9}},{"start":{"line":14,"column":8},"end":{"line":19,"column":9}}]},"3":{"loc":{"start":{"line":14,"column":12},"end":{"line":14,"column":65}},"type":"binary-expr","locations":[{"start":{"line":14,"column":12},"end":{"line":14,"column":27}},{"start":{"line":14,"column":31},"end":{"line":14,"column":46}},{"start":{"line":14,"column":50},"end":{"line":14,"column":65}}]},"4":{"loc":{"start":{"line":22,"column":8},"end":{"line":27,"column":9}},"type":"if","locations":[{"start":{"line":22,"column":8},"end":{"line":27,"column":9}},{"start":{"line":22,"column":8},"end":{"line":27,"column":9}}]},"5":{"loc":{"start":{"line":30,"column":8},"end":{"line":35,"column":9}},"type":"if","locations":[{"start":{"line":30,"column":8},"end":{"line":35,"column":9}},{"start":{"line":30,"column":8},"end":{"line":35,"column":9}}]}},"s":{"0":1,"1":1,"2":0,"3":0,"4":0,"5":1,"6":0,"7":0,"8":0,"9":1,"10":0,"11":0,"12":0,"13":1,"14":0,"15":0,"16":0,"17":1,"18":0,"19":1,"20":1,"21":1},"f":{"0":1,"1":0,"2":0,"3":0,"4":0,"5":0,"6":0},"b":{"0":[0,0],"1":[0,0],"2":[0,0],"3":[0,0,0],"4":[0,0],"5":[0,0]},"_coverageSchema":"332fd63041d2c1bcb487cc26dd0d5f7d97098a6c","hash":"54f40fde83f0079bc26c5b8c693b5b48bc5c4642","contentHash":"1dc68332823427572379c1dd8fb94c23_10.1.2"},"C:\\Users\\timan\\Desktop\\310-project\\src\\controller\\LogicComparison.js":{"path":"C:\\Users\\timan\\Desktop\\310-project\\src\\controller\\LogicComparison.js","statementMap":{"0":{"start":{"line":2,"column":16},"end":{"line":6,"column":1}},"1":{"start":{"line":3,"column":4},"end":{"line":3,"column":58}},"2":{"start":{"line":3,"column":21},"end":{"line":3,"column":58}},"3":{"start":{"line":3,"column":46},"end":{"line":3,"column":58}},"4":{"start":{"line":4,"column":20},"end":{"line":4,"column":41}},"5":{"start":{"line":5,"column":4},"end":{"line":5,"column":89}},"6":{"start":{"line":7,"column":15},"end":{"line":7,"column":34}},"7":{"start":{"line":8,"column":13},"end":{"line":8,"column":30}},"8":{"start":{"line":9,"column":23},"end":{"line":70,"column":19}},"9":{"start":{"line":10,"column":4},"end":{"line":10,"column":39}},"10":{"start":{"line":12,"column":20},"end":{"line":12,"column":45}},"11":{"start":{"line":13,"column":8},"end":{"line":13,"column":31}},"12":{"start":{"line":14,"column":8},"end":{"line":23,"column":9}},"13":{"start":{"line":15,"column":12},"end":{"line":15,"column":61}},"14":{"start":{"line":16,"column":12},"end":{"line":16,"column":70}},"15":{"start":{"line":17,"column":12},"end":{"line":19,"column":13}},"16":{"start":{"line":18,"column":16},"end":{"line":18,"column":39}},"17":{"start":{"line":22,"column":12},"end":{"line":22,"column":22}},"18":{"start":{"line":24,"column":8},"end":{"line":24,"column":21}},"19":{"start":{"line":26,"column":4},"end":{"line":29,"column":6}},"20":{"start":{"line":27,"column":19},"end":{"line":27,"column":41}},"21":{"start":{"line":28,"column":8},"end":{"line":28,"column":23}},"22":{"start":{"line":30,"column":4},"end":{"line":46,"column":6}},"23":{"start":{"line":31,"column":23},"end":{"line":31,"column":25}},"24":{"start":{"line":32,"column":19},"end":{"line":32,"column":41}},"25":{"start":{"line":33,"column":8},"end":{"line":45,"column":9}},"26":{"start":{"line":34,"column":31},"end":{"line":34,"column":38}},"27":{"start":{"line":35,"column":31},"end":{"line":35,"column":54}},"28":{"start":{"line":36,"column":30},"end":{"line":36,"column":49}},"29":{"start":{"line":37,"column":12},"end":{"line":40,"column":13}},"30":{"start":{"line":38,"column":29},"end":{"line":38,"column":71}},"31":{"start":{"line":39,"column":16},"end":{"line":39,"column":38}},"32":{"start":{"line":41,"column":12},"end":{"line":41,"column":28}},"33":{"start":{"line":44,"column":12},"end":{"line":44,"column":44}},"34":{"start":{"line":47,"column":4},"end":{"line":68,"column":6}},"35":{"start":{"line":48,"column":8},"end":{"line":67,"column":9}},"36":{"start":{"line":49,"column":12},"end":{"line":54,"column":13}},"37":{"start":{"line":50,"column":29},"end":{"line":50,"column":35}},"38":{"start":{"line":51,"column":16},"end":{"line":53,"column":17}},"39":{"start":{"line":52,"column":20},"end":{"line":52,"column":33}},"40":{"start":{"line":55,"column":12},"end":{"line":55,"column":24}},"41":{"start":{"line":58,"column":12},"end":{"line":66,"column":13}},"42":{"start":{"line":59,"column":16},"end":{"line":64,"column":17}},"43":{"start":{"line":60,"column":33},"end":{"line":60,"column":39}},"44":{"start":{"line":61,"column":20},"end":{"line":63,"column":21}},"45":{"start":{"line":62,"column":24},"end":{"line":62,"column":36}},"46":{"start":{"line":65,"column":16},"end":{"line":65,"column":29}},"47":{"start":{"line":69,"column":4},"end":{"line":69,"column":27}},"48":{"start":{"line":71,"column":0},"end":{"line":71,"column":62}},"49":{"start":{"line":72,"column":0},"end":{"line":72,"column":34}}},"fnMap":{"0":{"name":"(anonymous_0)","decl":{"start":{"line":2,"column":44},"end":{"line":2,"column":45}},"loc":{"start":{"line":2,"column":60},"end":{"line":6,"column":1}}},"1":{"name":"__","decl":{"start":{"line":4,"column":13},"end":{"line":4,"column":15}},"loc":{"start":{"line":4,"column":18},"end":{"line":4,"column":43}}},"2":{"name":"(anonymous_2)","decl":{"start":{"line":9,"column":23},"end":{"line":9,"column":24}},"loc":{"start":{"line":9,"column":41},"end":{"line":70,"column":1}}},"3":{"name":"LogicComparison","decl":{"start":{"line":11,"column":13},"end":{"line":11,"column":28}},"loc":{"start":{"line":11,"column":40},"end":{"line":25,"column":5}}},"4":{"name":"(anonymous_4)","decl":{"start":{"line":26,"column":31},"end":{"line":26,"column":32}},"loc":{"start":{"line":26,"column":52},"end":{"line":29,"column":5}}},"5":{"name":"(anonymous_5)","decl":{"start":{"line":30,"column":33},"end":{"line":30,"column":34}},"loc":{"start":{"line":30,"column":54},"end":{"line":46,"column":5}}},"6":{"name":"(anonymous_6)","decl":{"start":{"line":47,"column":41},"end":{"line":47,"column":42}},"loc":{"start":{"line":47,"column":65},"end":{"line":68,"column":5}}}},"branchMap":{"0":{"l
[...]
n":28},"end":{"line":201,"column":29}},"loc":{"start":{"line":201,"column":52},"end":{"line":210,"column":5}}},"20":{"name":"(anonymous_20)","decl":{"start":{"line":212,"column":38},"end":{"line":212,"column":39}},"loc":{"start":{"line":212,"column":62},"end":{"line":229,"column":5}}},"21":{"name":"(anonymous_21)","decl":{"start":{"line":230,"column":30},"end":{"line":230,"column":31}},"loc":{"start":{"line":230,"column":54},"end":{"line":232,"column":5}}},"22":{"name":"(anonymous_22)","decl":{"start":{"line":234,"column":33},"end":{"line":234,"column":34}},"loc":{"start":{"line":234,"column":50},"end":{"line":250,"column":5}}}},"branchMap":{"0":{"loc":{"start":{"line":26,"column":20},"end":{"line":42,"column":21}},"type":"if","locations":[{"start":{"line":26,"column":20},"end":{"line":42,"column":21}},{"start":{"line":26,"column":20},"end":{"line":42,"column":21}}]},"1":{"loc":{"start":{"line":36,"column":24},"end":{"line":41,"column":25}},"type":"if","locations":[{"start":{"line":36,"column":24},"end":{"line":41,"column":25}},{"start":{"line":36,"column":24},"end":{"line":41,"column":25}}]},"2":{"loc":{"start":{"line":47,"column":24},"end":{"line":49,"column":25}},"type":"if","locations":[{"start":{"line":47,"column":24},"end":{"line":49,"column":25}},{"start":{"line":47,"column":24},"end":{"line":49,"column":25}}]},"3":{"loc":{"start":{"line":68,"column":24},"end":{"line":74,"column":25}},"type":"if","locations":[{"start":{"line":68,"column":24},"end":{"line":74,"column":25}},{"start":{"line":68,"column":24},"end":{"line":74,"column":25}}]},"4":{"loc":{"start":{"line":91,"column":12},"end":{"line":104,"column":13}},"type":"if","locations":[{"start":{"line":91,"column":12},"end":{"line":104,"column":13}},{"start":{"line":91,"column":12},"end":{"line":104,"column":13}}]},"5":{"loc":{"start":{"line":98,"column":20},"end":{"line":102,"column":21}},"type":"if","locations":[{"start":{"line":98,"column":20},"end":{"line":102,"column":21}},{"start":{"line":98,"column":20},"end":{"line":102,"column":21}}]},"6":{"loc":{"start":{"line":108,"column":12},"end":{"line":109,"column":37}},"type":"if","locations":[{"start":{"line":108,"column":12},"end":{"line":109,"column":37}},{"start":{"line":108,"column":12},"end":{"line":109,"column":37}}]},"7":{"loc":{"start":{"line":115,"column":8},"end":{"line":120,"column":9}},"type":"if","locations":[{"start":{"line":115,"column":8},"end":{"line":120,"column":9}},{"start":{"line":115,"column":8},"end":{"line":120,"column":9}}]},"8":{"loc":{"start":{"line":121,"column":8},"end":{"line":123,"column":9}},"type":"if","locations":[{"start":{"line":121,"column":8},"end":{"line":123,"column":9}},{"start":{"line":121,"column":8},"end":{"line":123,"column":9}}]},"9":{"loc":{"start":{"line":129,"column":12},"end":{"line":148,"column":13}},"type":"if","locations":[{"start":{"line":129,"column":12},"end":{"line":148,"column":13}},{"start":{"line":129,"column":12},"end":{"line":148,"column":13}}]},"10":{"loc":{"start":{"line":130,"column":16},"end":{"line":138,"column":17}},"type":"if","locations":[{"start":{"line":130,"column":16},"end":{"line":138,"column":17}},{"start":{"line":130,"column":16},"end":{"line":138,"column":17}}]},"11":{"loc":{"start":{"line":130,"column":20},"end":{"line":130,"column":69}},"type":"binary-expr","locations":[{"start":{"line":130,"column":21},"end":{"line":130,"column":37}},{"start":{"line":130,"column":43},"end":{"line":130,"column":68}}]},"12":{"loc":{"start":{"line":132,"column":24},"end":{"line":136,"column":25}},"type":"if","locations":[{"start":{"line":132,"column":24},"end":{"line":136,"column":25}},{"start":{"line":132,"column":24},"end":{"line":136,"column":25}}]},"13":{"loc":{"start":{"line":132,"column":28},"end":{"line":133,"column":80}},"type":"binary-expr","locations":[{"start":{"line":132,"column":29},"end":{"line":132,"column":64}},{"start":{"line":133,"column":32},"end":{"line":133,"column":79}}]},"14":{"loc":{"start":{"line":139,"column":16},"end":{"line":141,"column":17}},"type":"if","locations":[{"start":{"line":139,"column":16},"end":{"line":141,"column":17}},{"start":{"line":139,"column":16},"end":{"line":141,"column":17}}]},"15":{"loc":{"start":{"line":139,"column":20},"end":{"line":139,"column":68}},"type":"binary-expr","locations":[{"start":{"line":139,"column":21},"end":{"line":139,"column":37}},{"start":{"line":139,"column":43},"end":{"line":139,"column":67}}]},"16":{"loc":{"start":{"line":142,"column":16},"end":{"line":144,"column":17}},"type":"if","locations":[{"start":{"line":142,"column":16},"end":{"line":144,"column":17}},{"start":{"line":142,"column":16},"end":{"line":144,"column":17}}]},"17":{"loc":{"start":{"line":142,"column":20},"end":{"line":142,"column":68}},"type":"binary-expr","locations":[{"start":{"line":142,"column":21},"end":{"line":142,"column":37}},{"start":{"line":142,"column":43},"end":{"line":142,"column":67}}]},"18":{"loc":{"start":{"line":145,"column":16},"end":{"line":147,"column":17}},"type":"if","locations":[{"start":{"line":145,"column":16},"end":{"line":147,"column":17}},{"start":{"line":145,"column":16},"end":{"line":147,"column":17}}]},"19":{"loc":{"start":{"line":157,"column":12},"end":{"line":178,"column":13}},"type":"if","locations":[{"start":{"line":157,"column":12},"end":{"line":178,"column":13}},{"start":{"line":157,"column":12},"end":{"line":178,"column":13}}]},"20":{"loc":{"start":{"line":158,"column":16},"end":{"line":161,"column":17}},"type":"if","locations":[{"start":{"line":158,"column":16},"end":{"line":161,"column":17}},{"start":{"line":158,"column":16},"end":{"line":161,"column":17}}]},"21":{"loc":{"start":{"line":165,"column":20},"end":{"line":176,"column":21}},"type":"if","locations":[{"start":{"line":165,"column":20},"end":{"line":176,"column":21}},{"start":{"line":165,"column":20},"end":{"line":176,"column":21}}]},"22":{"loc":{"start":{"line":168,"column":24},"end":{"line":173,"column":25}},"type":"if","locations":[{"start":{"line":168,"column":24},"end":{"line":173,"column":25}},{"start":{"line":168,"column":24},"end":{"line":173,"column":25}}]},"23":{"loc":{"start":{"line":168,"column":28},"end":{"line":168,"column":62}},"type":"binary-expr","locations":[{"start":{"line":168,"column":29},"end":{"line":168,"column":34}},{"start":{"line":168,"column":40},"end":{"line":168,"column":61}}]},"24":{"loc":{"start":{"line":174,"column":24},"end":{"line":175,"column":25}},"type":"if","locations":[{"start":{"line":174,"column":24},"end":{"line":175,"column":25}},{"start":{"line":174,"column":24},"end":{"line":175,"column":25}}]},"25":{"loc":{"start":{"line":187,"column":12},"end":{"line":195,"column":13}},"type":"if","locations":[{"start":{"line":187,"column":12},"end":{"line":195,"column":13}},{"start":{"line":187,"column":12},"end":{"line":195,"column":13}}]},"26":{"loc":{"start":{"line":187,"column":16},"end":{"line":188,"column":61}},"type":"binary-expr","locations":[{"start":{"line":187,"column":17},"end":{"line":187,"column":51}},{"start":{"line":187,"column":57},"end":{"line":187,"column":79}},{"start":{"line":188,"column":20},"end":{"line":188,"column":33}},{"start":{"line":188,"column":39},"end":{"line":188,"column":60}}]},"27":{"loc":{"start":{"line":189,"column":16},"end":{"line":191,"column":17}},"type":"if","locations":[{"start":{"line":189,"column":16},"end":{"line":191,"column":17}},{"start":{"line":189,"column":16},"end":{"line":191,"column":17}}]},"28":{"loc":{"start":{"line":192,"column":16},"end":{"line":194,"column":17}},"type":"if","locations":[{"start":{"line":192,"column":16},"end":{"line":194,"column":17}},{"start":{"line":192,"column":16},"end":{"line":194,"column":17}}]},"29":{"loc":{"start":{"line":196,"column":12},"end":{"line":198,"column":13}},"type":"if","locations":[{"start":{"line":196,"column":12},"end":{"line":198,"column":13}},{"start":{"line":196,"column":12},"end":{"line":198,"column":13}}]},"30":{"loc":{"start":{"line":205,"column":12},"end":{"line":207,"column":13}},"type":"if","locations":[{"start":{"line":205,"column":12},"end":{"line":207,"column":13}},{"start":{"line":205,"column":12},"end":{"line":207,"column":13}}]},"31":{"loc":{"start":{"line":216,"column":12},"end":{"line":221,"column":13}},"type":"if","locations":[{"start":{"line":216,"column":12},"end":{"line":221,"column":13}},{"start":{"line":216,"column":12},"end":{"line":221,"column":13}}]},"32":{"loc":{"start":{"line":218,"column":16},"end":{"line":220,"column":17}},"type":"if","locations":[{"start":{"line":218,"column":16},"end":{"line":220,"column":17}},{"start":{"line":218,"column":16},"end":{"line":220,"column":17}}]},"33":{"loc":{"start":{"line":222,"column":12},"end":{"line":224,"column":13}},"type":"if","locations":[{"start":{"line":222,"column":12},"end":{"line":224,"column":13}},{"start":{"line":222,"column":12},"end":{"line":224,"column":13}}]},"34":{"loc":{"start":{"line":225,"column":12},"end":{"line":227,"column":13}},"type":"if","locations":[{"start":{"line":225,"column":12},"end":{"line":227,"column":13}},{"start":{"line":225,"column":12},"end":{"line":227,"column":13}}]},"35":{"loc":{"start":{"line":236,"column":8},"end":{"line":248,"column":9}},"type":"if","locations":[{"start":{"line":236,"column":8},"end":{"line":248,"column":9}},{"start":{"line":236,"column":8},"end":{"line":248,"column":9}}]},"36":{"loc":{"start":{"line":243,"column":12},"end":{"line":247,"column":13}},"type":"if","locations":[{"start":{"line":243,"column":12},"end":{"line":247,"column":13}},{"start":{"line":243,"column":12},"end":{"line":247,"column":13}}]},"37":{"loc":{"start":{"line":243,"column":16},"end":{"line":244,"column":54}},"type":"binary-expr","locations":[{"start":{"line":243,"column":17},"end":{"line":243,"column":60}},{"start":{"line":244,"column":20},"end":{"line":244,"column":53}}]}},"s":{"0":1,"1":1,"2":1,"3":1,"4":1,"5":1,"6":1,"7":1,"8":1,"9":1,"10":1,"11":0,"12":0,"13":0,"14":0,"15":0,"16":0,"17":0,"18":0,"19":0,"20":0,"21":0,"22":0,"23":0,"24":0,"25":0,"26":0,"27":0,"28":0,"29":0,"30":0,"31":0,"32":0,"33":0,"34":0,"35":0,"36":0,"37":0,"38":0,"39":0,"40":0,"41":0,"42":0,"43":0,"44":0,"45":0,"46":0,"47":0,"48":0,"49":0,"50":0,"51":0,"52":0,"53":0,"54":0,"55":1,"56":0,"57":0,"58":0,"59":0,"60":0,"61":0,"62":0,"63":0,"64":0,"65":0,"66":0,"67":0,"68":0,"69":0,"70":0,"71":0,"72":1,"73":0,"74":0,"75":0,"76":0,"77":0,"78":0,"79":0,"80":1,"81":0,"82":0,"83":0,"84":0,"85":0,"86":0,"87":0,"88":0,"89":0,"90":0,"91":0,"92":0,"93":0,"94":0,"95":0,"96":0,"97":1,"98":0,"99":0,"100":0,"101":0,"102":0,"103":0,"104":0,"105":0,"106":0,"107":0,"108":0,"109":0,"110":0,"111":0,"112":0,"113":0,"114":1,"115":0,"116":0,"117":0,"118":0,"119":0,"120":0,"121":0,"122":0,"123":0,"124":0,"125":1,"126":0,"127":0,"128":0,"129":0,"130":0,"131":0,"132":1,"133":0,"134":0,"135":0,"136":0,"137":0,"138":0,"139":0,"140":0,"141":0,"142":0,"143":0,"144":1,"145":0,"146":1,"147":0,"148":0,"149":0,"150":0,"151":0,"152":0,"153":0,"154":0,"155":0,"156":1,"157":1,"158":1},"f":{"0":1,"1":1,"2":0,"3":0,"4":0,"5":0,"6":0,"7":0,"8":0,"9":0,"10":0,"11":0,"12":0,"13":0,"14":0,"15":0,"16":0,"17":0,"18":0,"19":0,"20":0,"21":0,"22":0},"b":{"0":[0,0],"1":[0,0],"2":[0,0],"3":[0,0],"4":[0,0],"5":[0,0],"6":[0,0],"7":[0,0],"8":[0,0],"9":[0,0],"10":[0,0],"11":[0,0],"12":[0,0],"13":[0,0],"14":[0,0],"15":[0,0],"16":[0,0],"17":[0,0],"18":[0,0],"19":[0,0],"20":[0,0],"21":[0,0],"22":[0,0],"23":[0,0],"24":[0,0],"25":[0,0],"26":[0,0,0,0],"27":[0,0],"28":[0,0],"29":[0,0],"30":[0,0],"31":[0,0],"32":[0,0],"33":[0,0],"34":[0,0],"35":[0,0],"36":[0,0],"37":[0,0]},"_coverageSchema":"332fd63041d2c1bcb487cc26dd0d5f7d97098a6c","hash":"9e851bb87cbd36be9db25dd351ce7aaa020ac36e","contentHash":"c8868426cfb2813bc282453a49211e24_10.1.2"},"C:\\Users\\timan\\Desktop\\310-project\\src\\controller\\Address.js":{"path":"C:\\Users\\timan\\Desktop\\310-project\\src\\controller\\Address.js","statementMap":{"0":{"start":{"line":2,"column":15},"end":{"line":95,"column":3}},"1":{"start":{"line":4,"column":8},"end":{"line":4,"column":29}},"2":{"start":{"line":5,"column":8},"end":{"line":5,"column":28}},"3":{"start":{"line":8,"column":4},"end":{"line":48,"column":6}},"4":{"start":{"line":9,"column":19},"end":{"line":9,"column":23}},"5":{"start":{"line":10,"column":22},"end":{"line":10,"column":24}},"6":{"start":{"line":11,"column":8},"end":{"line":47,"column":11}},"7":{"start":{"line":12,"column":12},"end":{"line":16,"column":13}},"8":{"start":{"line":13,"column":27},"end":{"line":13,"column":39}},"9":{"start":{"line":14,"column":35},"end":{"line":14,"column":56}},"10":{"start":{"line":15,"column":16},"end":{"line":15,"column":74}},"11":{"start":{"line":17,"column":12},"end":{"line":46,"column":15}},"12":{"start":{"line":19,"column":16},"end":{"line":41,"column":17}},"13":{"start":{"line":20,"column":31},"end":{"line":20,"column":57}},"14":{"start":{"line":21,"column":20},"end":{"line":40,"column":21}},"15":{"start":{"line":22,"column":24},"end":{"line":39,"column":25}},"16":{"start":{"line":23,"column":36},"end":{"line":23,"column":81}},"17":{"start":{"line":24,"column":43},"end":{"line":24,"column":64}},"18":{"start":{"line":25,"column":46},"end":{"line":37,"column":29}},"19":{"start":{"line":38,"column":28},"end":{"line":38,"column":62}},"20":{"start":{"line":42,"column":16},"end":{"line":42,"column":41}},"21":{"start":{"line":45,"column":16},"end":{"line":45,"column":28}},"22":{"start":{"line":49,"column":4},"end":{"line":70,"column":6}},"23":{"start":{"line":50,"column":19},"end":{"line":50,"column":23}},"24":{"start":{"line":51,"column":8},"end":{"line":69,"column":11}},"25":{"start":{"line":52,"column":12},"end":{"line":68,"column":13}},"26":{"start":{"line":53,"column":16},"end":{"line":67,"column":17}},"27":{"start":{"line":54,"column":20},"end":{"line":66,"column":21}},"28":{"start":{"line":55,"column":24},"end":{"line":65,"column":27}},"29":{"start":{"line":56,"column":28},"end":{"line":59,"column":29}},"30":{"start":{"line":57,"column":49},"end":{"line":57,"column":98}},"31":{"start":{"line":58,"column":32},"end":{"line":58,"column":52}},"32":{"start":{"line":60,"column":28},"end":{"line":62,"column":29}},"33":{"start":{"line":61,"column":32},"end":{"line":61,"column":52}},"34":{"start":{"line":64,"column":28},"end":{"line":64,"column":40}},"35":{"start":{"line":71,"column":4},"end":{"line":93,"column":6}},"36":{"start":{"line":72,"column":19},"end":{"line":72,"column":34}},"37":{"start":{"line":73,"column":25},"end":{"line":73,"column":101}},"38":{"start":{"line":74,"column":8},"end":{"line":92,"column":11}},"39":{"start":{"line":75,"column":12},"end":{"line":91,"column":15}},"40":{"start":{"line":76,"column":27},"end":{"line":76,"column":29}},"41":{"start":{"line":77,"column":16},"end":{"line":79,"column":19}},"42":{"start":{"line":78,"column":20},"end":{"line":78,"column":34}},"43":{"start":{"line":80,"column":16},"end":{"line":90,"column":19}},"44":{"start":{"line":81,"column":20},"end":{"line":86,"column":21}},"45":{"start":{"line":82,"column":24},"end":{"line":82,"column":38}},"46":{"start":{"line":85,"column":24},"end":{"line":85,"column":36}},"47":{"start":{"line":87,"column":20},"end":{"line":89,"column":23}},"48":{"start":{"line":88,"column":24},"end":{"line":88,"column":41}},"49":{"start":{"line":94,"column":4},"end":{"line":94,"column":19}},"50":{"start":{"line":96,"column":0},"end":{"line":96,"column":62}},"51":{"start":{"line":97,"column":0},"end":{"line":97,"column":26}}},"fnMap":{"0":{"name":"(anonymous_0)","decl":{"start":{"line":2,"column":15},"end":{"line":2,"column":16}},"loc":{"start":{"line":2,"column":27},"end":{"line":95,"column":1}}},"1":{"name":"Address","decl":{"start":{"line":3,"column":13},"end":{"line":3,"column":20}},"loc":{"start":{"line":3,"column":23},"end":{"line":6,"column":5}}},"2":{"name":"(anonymous_2)","decl":{"start":{"line":8,"column":35},"end":{"line":8,"column":36}},"loc":{"start":{"line":8,"column":53},"end":{"line":48,"column":5}}},"3":{"name":"(anonymous_3)","decl":{"start":{"line":11,"column":27},"end":{"line":11,"column":28}},"loc":{"start":{"line":11,"column":54},"end":{"line":47,"column":9}}},"4":{"name":"(anonymous_4)","decl":{"start":{"line":18,"column":22},"end":{"line":18,"column":23}},"loc":{"start":{"line":18,"column":45},"end":{"line":43,"column":13}}},"5":{"name":"(anonymous_5)","decl":{"start":{"line":44,"column":23},"end":{"line":44,"column":24}},"loc":{"start":{"line":44,"column":38},"end":{"line":46,"column":13}}},"6":{"name":"(anonymous_6)","decl":{"start":{"line":49,"column":49},"end":{"line":49,"column":50}},"loc":{"start":{"line":49,"column":71},"end":{"line":70,"column":5}}},"7":{"name":"(anonymous_7)","decl":{"start":{"line":51,"column":27},"end":{"line":51,"column":28}},"loc":{"start":{"line":51,"column":54},"end":{"line":69,"column":9}}},"8":{"name":"(anonymous_8)","decl":{"start":{"line":55,"column":67},"end":{"line":55,"column":68}},"loc":{"start":{"line":55,"column":85},"end":{"line":63,"column":25}}},"9":{"name":"(anonymous_9)","decl":{"start":{"line":63,"column":33},"end":{"line":63,"column":34}},"loc":{"start":{"line":63,"column":48},"end":{"line":65,"column":25}}},"10":{"name":"(anonymous_10)","decl":{"start":{"line":71,"column":29},"end":{"line":71,"column":30}},"loc":{"start":{"line":71,"column":48},"end":{"line":93,"column":5}}},"11":{"name":"(anonymous_11)","decl":{"start":{"line":74,"column":27},"end":{"line":74,"column":28}},"loc":{"start":{"line":74,"column":54},"end":{"line":92,"column":9}}},"12":{"name":"(anonymous_12)","decl":{"start":{"line":75,"column":33},"end":{"line":75,"column":34}},"loc":{"start":{"line":75,"column":48},"end":{"line":91,"column":13}}},"13":{"name":"(anonymous_13)","decl":{"start":{"line":77,"column":31},"end":{"line":77,"column":32}},"loc":{"start":{"line":77,"column":48},"end":{"line":79,"column":17}}},"14":{"name":"(anonymous_14)","decl":{"start":{"line":80,"column":30},"end":{"line":80,"column":31}},"loc":{"start":{"line":80,"column":42},"end":{"line":90,"column":17}}},"15":{"name":"(anonymous_15)","decl":{"start":{"line":87,"column":36},"end":{"line":87,"column":37}},"loc":{"start":{"line":87,"column":49},"end":{"line":89,"column":21}}}},"branchMap":{"0":{"loc":{"start":{"line":22,"column":24},"end":{"line":39,"column":25}},"type":"if","locations":[{"start":{"line":22,"column":24},"end":{"line":39,"column":25}},{"start":{"line":22,"column":24},"end":{"line":39,"column":25}}]},"1":{"loc":{"start":{"line":53,"column":16},"end":{"line":67,"column":17}},"type":"if","locations":[{"start":{"line":53,"column":16},"end":{"line":67,"column":17}},{"start":{"line":53,"column":16},"end":{"line":67,"column":17}}]},"2":{"loc":{"start":{"line":54,"column":20},"end":{"line":66,"column":21}},"type":"if","locations":[{"start":{"line":54,"column":20},"end":{"line":66,"column":21}},{"start":{"line":54,"column":20},"end":{"line":66,"column":21}}]},"3":{"loc":{"start":{"line":56,"column":28},"end":{"line":59,"column":29}},"type":"if","locations":[{"start":{"line":56,"column":28},"end":{"line":59,"column":29}},{"start":{"line":56,"column":28},"end":{"line":59,"column":29}}]},"4":{"loc":{"start":{"line":60,"column":28},"end":{"line":62,"column":29}},"type":"if","locations":[{"start":{"line":60,"column":28},"end":{"line":62,"column":29}},{"start":{"line":60,"column":28},"end":{"line":62,"column":29}}]}},"s":{"0":1,"1":1,"2":1,"3":1,"4":0,"5":0,"6":0,"7":0,"8":0,"9":0,"10":0,"11":0,"12":0,"13":0,"14":0,"15":0,"16":0,"17":0,"18":0,"19":0,"20":0,"21":0,"22":1,"23":0,"24":0,"25":0,"26":0,"27":0,"28":0,"29":0,"30":0,"31":0,"32":0,"33":0,"34":0,"35":1,"36":0,"37":0,"38":0,"39":0,"40":0,"41":0,"42":0,"43":0,"44":0,"45":0,"46":0,"47":0,"48":0,"49":1,"50":1,"51":1},"f":{"0":1,"1":1,"2":0,"3":0,"4":0,"5":0,"6":0,"7":0,"8":0,"9":0,"10":0,"11":0,"12":0,"13":0,"14":0,"15":0},"b":{"0":[0,0],"1":[0,0],"2":[0,0],"3":[0,0],"4":[0,0]},"_coverageSchema":"332fd63041d2c1bcb487cc26dd0d5f7d97098a6c","hash":"a0828ac31ee4ebd4f423ebd10cd1afb8eb548063","contentHash":"4f08acc5655511808d254ddd69d8d1f3_10.1.2"}}